

Microchip MPLAB XC8 Assembler V2.31 build 20201012212115 
                                                                                               Mon Aug 09 20:27:06 2021

Microchip MPLAB XC8 C Compiler v2.31 (Free license) build 20201012212115 Og1 
     1                           	processor	16F887
     2                           	pagewidth 120
     3                           	opt	flic
     4                           	psect	cinit,global,class=CODE,merge=1,delta=2
     5                           	psect	bssCOMMON,global,class=COMMON,space=1,delta=1,noexec
     6                           	psect	cstackCOMMON,global,class=COMMON,space=1,delta=1,noexec
     7                           	psect	maintext,global,class=CODE,split=1,delta=2
     8                           	psect	text1,local,class=CODE,merge=1,delta=2
     9                           	psect	text2,local,class=CODE,merge=1,delta=2
    10                           	psect	text3,local,class=CODE,merge=1,delta=2
    11                           	psect	intentry,global,class=CODE,delta=2
    12                           	psect	config,global,abs,ovrld,class=CONFIG,space=4,delta=2,noexec
    13                           	dabs	1,0x7E,2
    14  0000                     
    15                           ; Version 2.20
    16                           ; Generated 12/02/2020 GMT
    17                           ; 
    18                           ; Copyright © 2020, Microchip Technology Inc. and its subsidiaries ("Microchip")
    19                           ; All rights reserved.
    20                           ; 
    21                           ; This software is developed by Microchip Technology Inc. and its subsidiaries ("Microch
      +                          ip").
    22                           ; 
    23                           ; Redistribution and use in source and binary forms, with or without modification, are
    24                           ; permitted provided that the following conditions are met:
    25                           ; 
    26                           ;     1. Redistributions of source code must retain the above copyright notice, this lis
      +                          t of
    27                           ;        conditions and the following disclaimer.
    28                           ; 
    29                           ;     2. Redistributions in binary form must reproduce the above copyright notice, this 
      +                          list
    30                           ;        of conditions and the following disclaimer in the documentation and/or other
    31                           ;        materials provided with the distribution.
    32                           ; 
    33                           ;     3. Microchip's name may not be used to endorse or promote products derived from th
      +                          is
    34                           ;        software without specific prior written permission.
    35                           ; 
    36                           ; THIS SOFTWARE IS PROVIDED BY MICROCHIP "AS IS" AND ANY EXPRESS OR IMPLIED WARRANTIES,
    37                           ; INCLUDING, BUT NOT LIMITED TO, THE IMPLIED WARRANTIES OF MERCHANTABILITY AND FITNESS F
      +                          OR
    38                           ; PURPOSE ARE DISCLAIMED.  IN NO EVENT SHALL MICROCHIP BE LIABLE FOR ANY DIRECT, INDIREC
      +                          T,
    39                           ; INCIDENTAL, SPECIAL, EXEMPLARY, OR CONSEQUENTIAL DAMAGES (INCLUDING BUT NOT LIMITED TO
    40                           ; PROCUREMENT OF SUBSTITUTE GOODS OR SERVICES; LOSS OF USE, DATA OR PROFITS; OR BUSINESS
    41                           ; INTERRUPTION) HOWSOEVER CAUSED AND ON ANY THEORY OF LIABILITY, WHETHER IN CONTRACT, ST
      +                          RICT
    42                           ; LIABILITY, OR TORT (INCLUDING NEGLIGENCE OR OTHERWISE) ARISING IN ANY WAY OUT OF THE U
      +                          SE OF
    43                           ; THIS SOFTWARE, EVEN IF ADVISED OF THE POSSIBILITY OF SUCH DAMAGE.
    44                           ; 
    45                           ; 
    46                           ; Code-generator required, PIC16F887 Definitions
    47                           ; 
    48                           ; SFR Addresses
    49  0000                     	;# 
    50  0001                     	;# 
    51  0002                     	;# 
    52  0003                     	;# 
    53  0004                     	;# 
    54  0005                     	;# 
    55  0006                     	;# 
    56  0007                     	;# 
    57  0008                     	;# 
    58  0009                     	;# 
    59  000A                     	;# 
    60  000B                     	;# 
    61  000C                     	;# 
    62  000D                     	;# 
    63  000E                     	;# 
    64  000E                     	;# 
    65  000F                     	;# 
    66  0010                     	;# 
    67  0011                     	;# 
    68  0012                     	;# 
    69  0013                     	;# 
    70  0014                     	;# 
    71  0015                     	;# 
    72  0015                     	;# 
    73  0016                     	;# 
    74  0017                     	;# 
    75  0018                     	;# 
    76  0019                     	;# 
    77  001A                     	;# 
    78  001B                     	;# 
    79  001B                     	;# 
    80  001C                     	;# 
    81  001D                     	;# 
    82  001E                     	;# 
    83  001F                     	;# 
    84  0081                     	;# 
    85  0085                     	;# 
    86  0086                     	;# 
    87  0087                     	;# 
    88  0088                     	;# 
    89  0089                     	;# 
    90  008C                     	;# 
    91  008D                     	;# 
    92  008E                     	;# 
    93  008F                     	;# 
    94  0090                     	;# 
    95  0091                     	;# 
    96  0092                     	;# 
    97  0093                     	;# 
    98  0093                     	;# 
    99  0093                     	;# 
   100  0094                     	;# 
   101  0095                     	;# 
   102  0096                     	;# 
   103  0097                     	;# 
   104  0098                     	;# 
   105  0099                     	;# 
   106  009A                     	;# 
   107  009B                     	;# 
   108  009C                     	;# 
   109  009D                     	;# 
   110  009E                     	;# 
   111  009F                     	;# 
   112  0105                     	;# 
   113  0107                     	;# 
   114  0108                     	;# 
   115  0109                     	;# 
   116  010C                     	;# 
   117  010C                     	;# 
   118  010D                     	;# 
   119  010E                     	;# 
   120  010F                     	;# 
   121  0185                     	;# 
   122  0187                     	;# 
   123  0188                     	;# 
   124  0189                     	;# 
   125  018C                     	;# 
   126  018D                     	;# 
   127  0000                     	;# 
   128  0001                     	;# 
   129  0002                     	;# 
   130  0003                     	;# 
   131  0004                     	;# 
   132  0005                     	;# 
   133  0006                     	;# 
   134  0007                     	;# 
   135  0008                     	;# 
   136  0009                     	;# 
   137  000A                     	;# 
   138  000B                     	;# 
   139  000C                     	;# 
   140  000D                     	;# 
   141  000E                     	;# 
   142  000E                     	;# 
   143  000F                     	;# 
   144  0010                     	;# 
   145  0011                     	;# 
   146  0012                     	;# 
   147  0013                     	;# 
   148  0014                     	;# 
   149  0015                     	;# 
   150  0015                     	;# 
   151  0016                     	;# 
   152  0017                     	;# 
   153  0018                     	;# 
   154  0019                     	;# 
   155  001A                     	;# 
   156  001B                     	;# 
   157  001B                     	;# 
   158  001C                     	;# 
   159  001D                     	;# 
   160  001E                     	;# 
   161  001F                     	;# 
   162  0081                     	;# 
   163  0085                     	;# 
   164  0086                     	;# 
   165  0087                     	;# 
   166  0088                     	;# 
   167  0089                     	;# 
   168  008C                     	;# 
   169  008D                     	;# 
   170  008E                     	;# 
   171  008F                     	;# 
   172  0090                     	;# 
   173  0091                     	;# 
   174  0092                     	;# 
   175  0093                     	;# 
   176  0093                     	;# 
   177  0093                     	;# 
   178  0094                     	;# 
   179  0095                     	;# 
   180  0096                     	;# 
   181  0097                     	;# 
   182  0098                     	;# 
   183  0099                     	;# 
   184  009A                     	;# 
   185  009B                     	;# 
   186  009C                     	;# 
   187  009D                     	;# 
   188  009E                     	;# 
   189  009F                     	;# 
   190  0105                     	;# 
   191  0107                     	;# 
   192  0108                     	;# 
   193  0109                     	;# 
   194  010C                     	;# 
   195  010C                     	;# 
   196  010D                     	;# 
   197  010E                     	;# 
   198  010F                     	;# 
   199  0185                     	;# 
   200  0187                     	;# 
   201  0188                     	;# 
   202  0189                     	;# 
   203  018C                     	;# 
   204  018D                     	;# 
   205  0000                     	;# 
   206  0001                     	;# 
   207  0002                     	;# 
   208  0003                     	;# 
   209  0004                     	;# 
   210  0005                     	;# 
   211  0006                     	;# 
   212  0007                     	;# 
   213  0008                     	;# 
   214  0009                     	;# 
   215  000A                     	;# 
   216  000B                     	;# 
   217  000C                     	;# 
   218  000D                     	;# 
   219  000E                     	;# 
   220  000E                     	;# 
   221  000F                     	;# 
   222  0010                     	;# 
   223  0011                     	;# 
   224  0012                     	;# 
   225  0013                     	;# 
   226  0014                     	;# 
   227  0015                     	;# 
   228  0015                     	;# 
   229  0016                     	;# 
   230  0017                     	;# 
   231  0018                     	;# 
   232  0019                     	;# 
   233  001A                     	;# 
   234  001B                     	;# 
   235  001B                     	;# 
   236  001C                     	;# 
   237  001D                     	;# 
   238  001E                     	;# 
   239  001F                     	;# 
   240  0081                     	;# 
   241  0085                     	;# 
   242  0086                     	;# 
   243  0087                     	;# 
   244  0088                     	;# 
   245  0089                     	;# 
   246  008C                     	;# 
   247  008D                     	;# 
   248  008E                     	;# 
   249  008F                     	;# 
   250  0090                     	;# 
   251  0091                     	;# 
   252  0092                     	;# 
   253  0093                     	;# 
   254  0093                     	;# 
   255  0093                     	;# 
   256  0094                     	;# 
   257  0095                     	;# 
   258  0096                     	;# 
   259  0097                     	;# 
   260  0098                     	;# 
   261  0099                     	;# 
   262  009A                     	;# 
   263  009B                     	;# 
   264  009C                     	;# 
   265  009D                     	;# 
   266  009E                     	;# 
   267  009F                     	;# 
   268  0105                     	;# 
   269  0107                     	;# 
   270  0108                     	;# 
   271  0109                     	;# 
   272  010C                     	;# 
   273  010C                     	;# 
   274  010D                     	;# 
   275  010E                     	;# 
   276  010F                     	;# 
   277  0185                     	;# 
   278  0187                     	;# 
   279  0188                     	;# 
   280  0189                     	;# 
   281  018C                     	;# 
   282  018D                     	;# 
   283  0014                     _SSPCON	set	20
   284  0009                     _PORTE	set	9
   285  0008                     _PORTD	set	8
   286  0007                     _PORTC	set	7
   287  0006                     _PORTB	set	6
   288  0013                     _SSPBUF	set	19
   289  0014                     _SSPCONbits	set	20
   290  000C                     _PIR1bits	set	12
   291  000B                     _INTCONbits	set	11
   292  0005                     _PORTA	set	5
   293  0006                     _PORTBbits	set	6
   294  0063                     _SSPIF	set	99
   295  005E                     _PEIE	set	94
   296  005F                     _GIE	set	95
   297  0058                     _RBIF	set	88
   298  0091                     _SSPCON2bits	set	145
   299  0087                     _TRISCbits	set	135
   300  0094                     _SSPSTAT	set	148
   301  0093                     _SSPADD	set	147
   302  0091                     _SSPCON2	set	145
   303  0096                     _IOCBbits	set	150
   304  0095                     _WPUB	set	149
   305  0081                     _OPTION_REGbits	set	129
   306  0089                     _TRISE	set	137
   307  0088                     _TRISD	set	136
   308  0087                     _TRISC	set	135
   309  0086                     _TRISBbits	set	134
   310  0085                     _TRISA	set	133
   311  008F                     _OSCCONbits	set	143
   312  0094                     _SSPSTATbits	set	148
   313  0463                     _SSPIE	set	1123
   314  043C                     _TRISC4	set	1084
   315  043B                     _TRISC3	set	1083
   316  04A0                     _BF	set	1184
   317  0189                     _ANSELH	set	393
   318  0188                     _ANSEL	set	392
   319                           
   320                           	psect	cinit
   321  000F                     start_initialization:	
   322                           ; #config settings
   323                           
   324  000F                     __initialization:
   325                           
   326                           ; Clear objects allocated to COMMON
   327  000F  01F4               	clrf	__pbssCOMMON& (0+127)
   328  0010                     end_of_initialization:	
   329                           ;End of C runtime variable initialization code
   330                           
   331  0010                     __end_of__initialization:
   332  0010  0183               	clrf	3
   333  0011  120A  118A  28D0   	ljmp	_main	;jump to C main() function
   334                           
   335                           	psect	bssCOMMON
   336  0074                     __pbssCOMMON:
   337  0074                     _z:
   338  0074                     	ds	1
   339                           
   340                           	psect	cstackCOMMON
   341  0070                     __pcstackCOMMON:
   342  0070                     ?_setup:
   343  0070                     ?_I2C_Slave_Init:	
   344                           ; 1 bytes @ 0x0
   345                           
   346  0070                     ?_isr:	
   347                           ; 1 bytes @ 0x0
   348                           
   349  0070                     ??_isr:	
   350                           ; 1 bytes @ 0x0
   351                           
   352  0070                     ?_main:	
   353                           ; 1 bytes @ 0x0
   354                           
   355                           
   356                           ; 1 bytes @ 0x0
   357  0070                     	ds	3
   358  0073                     ??_I2C_Slave_Init:
   359  0073                     I2C_Slave_Init@address:	
   360                           ; 1 bytes @ 0x3
   361                           
   362                           
   363                           ; 1 bytes @ 0x3
   364  0073                     	ds	1
   365  0074                     ??_setup:
   366  0074                     ??_main:	
   367                           ; 1 bytes @ 0x4
   368                           
   369                           
   370                           	psect	maintext
   371  00D0                     __pmaintext:	
   372                           ; 1 bytes @ 0x4
   373 ;;
   374 ;;Main: autosize = 0, tempsize = 0, incstack = 0, save=0
   375 ;;
   376 ;; *************** function _main *****************
   377 ;; Defined at:
   378 ;;		line 91 in file "main_slave2.c"
   379 ;; Parameters:    Size  Location     Type
   380 ;;		None
   381 ;; Auto vars:     Size  Location     Type
   382 ;;		None
   383 ;; Return value:  Size  Location     Type
   384 ;;                  1    wreg      void 
   385 ;; Registers used:
   386 ;;		wreg, status,2, status,0, pclath, cstack
   387 ;; Tracked objects:
   388 ;;		On entry : B00/0
   389 ;;		On exit  : 0/0
   390 ;;		Unchanged: 0/0
   391 ;; Data sizes:     COMMON   BANK0   BANK1   BANK3   BANK2
   392 ;;      Params:         0       0       0       0       0
   393 ;;      Locals:         0       0       0       0       0
   394 ;;      Temps:          0       0       0       0       0
   395 ;;      Totals:         0       0       0       0       0
   396 ;;Total ram usage:        0 bytes
   397 ;; Hardware stack levels required when called:    3
   398 ;; This function calls:
   399 ;;		_setup
   400 ;; This function is called by:
   401 ;;		Startup code after reset
   402 ;; This function uses a non-reentrant model
   403 ;;
   404                           
   405                           
   406                           ;psect for function _main
   407  00D0                     _main:
   408  00D0                     l823:	
   409                           ;incstack = 0
   410                           ; Regs used in _main: [wreg+status,2+status,0+pclath+cstack]
   411                           
   412                           
   413                           ;main_slave2.c: 93:     setup();
   414  00D0  120A  118A  208C  120A  118A  	fcall	_setup
   415  00D5                     l82:	
   416                           ;main_slave2.c: 96:     while(1)
   417                           
   418  00D5                     l83:	
   419                           ;main_slave2.c: 97:     {;main_slave2.c: 103:     }
   420                           
   421  00D5  28D5               	goto	l82
   422  00D6  120A  118A  280C   	ljmp	start
   423  00D9                     __end_of_main:
   424                           
   425                           	psect	text1
   426  008C                     __ptext1:	
   427 ;; *************** function _setup *****************
   428 ;; Defined at:
   429 ;;		line 108 in file "main_slave2.c"
   430 ;; Parameters:    Size  Location     Type
   431 ;;		None
   432 ;; Auto vars:     Size  Location     Type
   433 ;;		None
   434 ;; Return value:  Size  Location     Type
   435 ;;                  1    wreg      void 
   436 ;; Registers used:
   437 ;;		wreg, status,2, status,0, pclath, cstack
   438 ;; Tracked objects:
   439 ;;		On entry : 0/0
   440 ;;		On exit  : 0/0
   441 ;;		Unchanged: 0/0
   442 ;; Data sizes:     COMMON   BANK0   BANK1   BANK3   BANK2
   443 ;;      Params:         0       0       0       0       0
   444 ;;      Locals:         0       0       0       0       0
   445 ;;      Temps:          0       0       0       0       0
   446 ;;      Totals:         0       0       0       0       0
   447 ;;Total ram usage:        0 bytes
   448 ;; Hardware stack levels used:    1
   449 ;; Hardware stack levels required when called:    2
   450 ;; This function calls:
   451 ;;		_I2C_Slave_Init
   452 ;; This function is called by:
   453 ;;		_main
   454 ;; This function uses a non-reentrant model
   455 ;;
   456                           
   457                           
   458                           ;psect for function _setup
   459  008C                     _setup:
   460  008C                     l749:	
   461                           ;incstack = 0
   462                           ; Regs used in _setup: [wreg+status,2+status,0+pclath+cstack]
   463                           
   464                           
   465                           ;main_slave2.c: 110:     OSCCONbits.IRCF2 = 0;
   466  008C  1683               	bsf	3,5	;RP0=1, select bank1
   467  008D  1303               	bcf	3,6	;RP1=0, select bank1
   468  008E  130F               	bcf	15,6	;volatile
   469                           
   470                           ;main_slave2.c: 111:     OSCCONbits.IRCF1 = 1;
   471  008F  168F               	bsf	15,5	;volatile
   472                           
   473                           ;main_slave2.c: 112:     OSCCONbits.IRCF0 = 0;
   474  0090  120F               	bcf	15,4	;volatile
   475                           
   476                           ;main_slave2.c: 113:     OSCCONbits.SCS = 1;
   477  0091  140F               	bsf	15,0	;volatile
   478  0092                     l751:
   479                           
   480                           ;main_slave2.c: 116:     ANSEL = 0x00;
   481  0092  1683               	bsf	3,5	;RP0=1, select bank3
   482  0093  1703               	bsf	3,6	;RP1=1, select bank3
   483  0094  0188               	clrf	8	;volatile
   484                           
   485                           ;main_slave2.c: 117:     ANSELH = 0x00;
   486  0095  0189               	clrf	9	;volatile
   487                           
   488                           ;main_slave2.c: 120:     TRISA = 0x00;
   489  0096  1683               	bsf	3,5	;RP0=1, select bank1
   490  0097  1303               	bcf	3,6	;RP1=0, select bank1
   491  0098  0185               	clrf	5	;volatile
   492  0099                     l753:
   493                           
   494                           ;main_slave2.c: 121:     TRISBbits.TRISB0 = 1;
   495  0099  1406               	bsf	6,0	;volatile
   496  009A                     l755:
   497                           
   498                           ;main_slave2.c: 122:     TRISBbits.TRISB1 = 1;
   499  009A  1486               	bsf	6,1	;volatile
   500                           
   501                           ;main_slave2.c: 123:     TRISC = 0x00;
   502  009B  0187               	clrf	7	;volatile
   503                           
   504                           ;main_slave2.c: 124:     TRISD = 0x00;
   505  009C  0188               	clrf	8	;volatile
   506                           
   507                           ;main_slave2.c: 125:     TRISE = 0X00;
   508  009D  0189               	clrf	9	;volatile
   509                           
   510                           ;main_slave2.c: 128:     PORTA = 0x00;
   511  009E  1283               	bcf	3,5	;RP0=0, select bank0
   512  009F  1303               	bcf	3,6	;RP1=0, select bank0
   513  00A0  0185               	clrf	5	;volatile
   514                           
   515                           ;main_slave2.c: 129:     PORTB = 0x00;
   516  00A1  0186               	clrf	6	;volatile
   517                           
   518                           ;main_slave2.c: 130:     PORTC = 0x00;
   519  00A2  0187               	clrf	7	;volatile
   520                           
   521                           ;main_slave2.c: 131:     PORTD = 0x00;
   522  00A3  0188               	clrf	8	;volatile
   523                           
   524                           ;main_slave2.c: 132:     PORTE = 0x00;
   525  00A4  0189               	clrf	9	;volatile
   526  00A5                     l757:
   527                           
   528                           ;main_slave2.c: 135:     OPTION_REGbits.nRBPU = 0;
   529  00A5  1683               	bsf	3,5	;RP0=1, select bank1
   530  00A6  1303               	bcf	3,6	;RP1=0, select bank1
   531  00A7  1381               	bcf	1,7	;volatile
   532  00A8                     l759:
   533                           
   534                           ;main_slave2.c: 136:     WPUB = 0b00000011;
   535  00A8  3003               	movlw	3
   536  00A9  0095               	movwf	21	;volatile
   537  00AA                     l761:
   538                           
   539                           ;main_slave2.c: 137:     IOCBbits.IOCB0 = 1;
   540  00AA  1416               	bsf	22,0	;volatile
   541  00AB                     l763:
   542                           
   543                           ;main_slave2.c: 138:     IOCBbits.IOCB1 = 1;
   544  00AB  1496               	bsf	22,1	;volatile
   545  00AC                     l765:
   546                           
   547                           ;main_slave2.c: 141:     INTCONbits.GIE = 1;
   548  00AC  178B               	bsf	11,7	;volatile
   549  00AD                     l767:
   550                           
   551                           ;main_slave2.c: 142:     INTCONbits.RBIF = 1;
   552  00AD  140B               	bsf	11,0	;volatile
   553  00AE                     l769:
   554                           
   555                           ;main_slave2.c: 143:     INTCONbits.RBIE = 1;
   556  00AE  158B               	bsf	11,3	;volatile
   557  00AF                     l771:
   558                           
   559                           ;main_slave2.c: 146:     I2C_Slave_Init(0x60);
   560  00AF  3060               	movlw	96
   561  00B0  120A  118A  20B6  120A  118A  	fcall	_I2C_Slave_Init
   562  00B5                     l88:
   563  00B5  0008               	return
   564  00B6                     __end_of_setup:
   565                           
   566                           	psect	text2
   567  00B6                     __ptext2:	
   568 ;; *************** function _I2C_Slave_Init *****************
   569 ;; Defined at:
   570 ;;		line 93 in file "I2C.c"
   571 ;; Parameters:    Size  Location     Type
   572 ;;  address         1    wreg     unsigned char 
   573 ;; Auto vars:     Size  Location     Type
   574 ;;  address         1    3[COMMON] unsigned char 
   575 ;; Return value:  Size  Location     Type
   576 ;;                  1    wreg      void 
   577 ;; Registers used:
   578 ;;		wreg
   579 ;; Tracked objects:
   580 ;;		On entry : 0/0
   581 ;;		On exit  : 0/0
   582 ;;		Unchanged: 0/0
   583 ;; Data sizes:     COMMON   BANK0   BANK1   BANK3   BANK2
   584 ;;      Params:         0       0       0       0       0
   585 ;;      Locals:         1       0       0       0       0
   586 ;;      Temps:          0       0       0       0       0
   587 ;;      Totals:         1       0       0       0       0
   588 ;;Total ram usage:        1 bytes
   589 ;; Hardware stack levels used:    1
   590 ;; Hardware stack levels required when called:    1
   591 ;; This function calls:
   592 ;;		Nothing
   593 ;; This function is called by:
   594 ;;		_setup
   595 ;; This function uses a non-reentrant model
   596 ;;
   597                           
   598                           
   599                           ;psect for function _I2C_Slave_Init
   600  00B6                     _I2C_Slave_Init:
   601                           
   602                           ;incstack = 0
   603                           ; Regs used in _I2C_Slave_Init: [wreg]
   604                           ;I2C_Slave_Init@address stored from wreg
   605  00B6  00F3               	movwf	I2C_Slave_Init@address
   606  00B7                     l735:
   607                           
   608                           ;I2C.c: 93: void I2C_Slave_Init(uint8_t address);I2C.c: 94: {;I2C.c: 95:     SSPADD = ad
      +                          dress;
   609  00B7  0873               	movf	I2C_Slave_Init@address,w
   610  00B8  1683               	bsf	3,5	;RP0=1, select bank1
   611  00B9  1303               	bcf	3,6	;RP1=0, select bank1
   612  00BA  0093               	movwf	19	;volatile
   613                           
   614                           ;I2C.c: 96:     SSPCON = 0x36;
   615  00BB  3036               	movlw	54
   616  00BC  1283               	bcf	3,5	;RP0=0, select bank0
   617  00BD  1303               	bcf	3,6	;RP1=0, select bank0
   618  00BE  0094               	movwf	20	;volatile
   619                           
   620                           ;I2C.c: 97:     SSPSTAT = 0x80;
   621  00BF  3080               	movlw	128
   622  00C0  1683               	bsf	3,5	;RP0=1, select bank1
   623  00C1  1303               	bcf	3,6	;RP1=0, select bank1
   624  00C2  0094               	movwf	20	;volatile
   625                           
   626                           ;I2C.c: 98:     SSPCON2 = 0x01;
   627  00C3  3001               	movlw	1
   628  00C4  0091               	movwf	17	;volatile
   629  00C5                     l737:
   630                           
   631                           ;I2C.c: 99:     TRISC3 = 1;
   632  00C5  1587               	bsf	7,3	;volatile
   633  00C6                     l739:
   634                           
   635                           ;I2C.c: 100:     TRISC4 = 1;
   636  00C6  1607               	bsf	7,4	;volatile
   637  00C7                     l741:
   638                           
   639                           ;I2C.c: 101:     GIE = 1;
   640  00C7  178B               	bsf	11,7	;volatile
   641  00C8                     l743:
   642                           
   643                           ;I2C.c: 102:     PEIE = 1;
   644  00C8  170B               	bsf	11,6	;volatile
   645  00C9                     l745:
   646                           
   647                           ;I2C.c: 103:     SSPIF = 0;
   648  00C9  1283               	bcf	3,5	;RP0=0, select bank0
   649  00CA  1303               	bcf	3,6	;RP1=0, select bank0
   650  00CB  118C               	bcf	12,3	;volatile
   651  00CC                     l747:
   652                           
   653                           ;I2C.c: 104:     SSPIE = 1;
   654  00CC  1683               	bsf	3,5	;RP0=1, select bank1
   655  00CD  1303               	bcf	3,6	;RP1=0, select bank1
   656  00CE  158C               	bsf	12,3	;volatile
   657  00CF                     l143:
   658  00CF  0008               	return
   659  00D0                     __end_of_I2C_Slave_Init:
   660                           
   661                           	psect	text3
   662  0014                     __ptext3:	
   663 ;; *************** function _isr *****************
   664 ;; Defined at:
   665 ;;		line 44 in file "main_slave2.c"
   666 ;; Parameters:    Size  Location     Type
   667 ;;		None
   668 ;; Auto vars:     Size  Location     Type
   669 ;;		None
   670 ;; Return value:  Size  Location     Type
   671 ;;                  1    wreg      void 
   672 ;; Registers used:
   673 ;;		wreg, status,2, status,0
   674 ;; Tracked objects:
   675 ;;		On entry : 0/0
   676 ;;		On exit  : 0/0
   677 ;;		Unchanged: 0/0
   678 ;; Data sizes:     COMMON   BANK0   BANK1   BANK3   BANK2
   679 ;;      Params:         0       0       0       0       0
   680 ;;      Locals:         0       0       0       0       0
   681 ;;      Temps:          3       0       0       0       0
   682 ;;      Totals:         3       0       0       0       0
   683 ;;Total ram usage:        3 bytes
   684 ;; Hardware stack levels used:    1
   685 ;; This function calls:
   686 ;;		Nothing
   687 ;; This function is called by:
   688 ;;		Interrupt level 1
   689 ;; This function uses a non-reentrant model
   690 ;;
   691                           
   692                           
   693                           ;psect for function _isr
   694  0014                     _isr:
   695  0014                     i1l777:
   696                           
   697                           ;main_slave2.c: 46:     if (RBIF == 1)
   698  0014  1C0B               	btfss	11,0	;volatile
   699  0015  2817               	goto	u3_21
   700  0016  2818               	goto	u3_20
   701  0017                     u3_21:
   702  0017  282B               	goto	i1l789
   703  0018                     u3_20:
   704  0018                     i1l779:
   705                           
   706                           ;main_slave2.c: 47:     {;main_slave2.c: 48:         if (PORTBbits.RB0 == 0)
   707  0018  1283               	bcf	3,5	;RP0=0, select bank0
   708  0019  1303               	bcf	3,6	;RP1=0, select bank0
   709  001A  1806               	btfsc	6,0	;volatile
   710  001B  281D               	goto	u4_21
   711  001C  281E               	goto	u4_20
   712  001D                     u4_21:
   713  001D  2822               	goto	i1l783
   714  001E                     u4_20:
   715  001E                     i1l781:
   716                           
   717                           ;main_slave2.c: 49:         {;main_slave2.c: 50:             PORTA = (PORTA + 1)&0x0F;
   718  001E  0805               	movf	5,w	;volatile
   719  001F  3E01               	addlw	1
   720  0020  390F               	andlw	15
   721  0021  0085               	movwf	5	;volatile
   722  0022                     i1l783:
   723                           
   724                           ;main_slave2.c: 52:         if (PORTBbits.RB1 == 0)
   725  0022  1886               	btfsc	6,1	;volatile
   726  0023  2825               	goto	u5_21
   727  0024  2826               	goto	u5_20
   728  0025                     u5_21:
   729  0025  282A               	goto	i1l787
   730  0026                     u5_20:
   731  0026                     i1l785:
   732                           
   733                           ;main_slave2.c: 53:         {;main_slave2.c: 54:             PORTA = (PORTA - 1)&0x0F;
   734  0026  0805               	movf	5,w	;volatile
   735  0027  3EFF               	addlw	255
   736  0028  390F               	andlw	15
   737  0029  0085               	movwf	5	;volatile
   738  002A                     i1l787:
   739                           
   740                           ;main_slave2.c: 56:         INTCONbits.RBIF = 0;
   741  002A  100B               	bcf	11,0	;volatile
   742  002B                     i1l789:
   743                           
   744                           ;main_slave2.c: 59:     if(PIR1bits.SSPIF == 1){
   745  002B  1283               	bcf	3,5	;RP0=0, select bank0
   746  002C  1303               	bcf	3,6	;RP1=0, select bank0
   747  002D  1D8C               	btfss	12,3	;volatile
   748  002E  2830               	goto	u6_21
   749  002F  2831               	goto	u6_20
   750  0030                     u6_21:
   751  0030  2885               	goto	i1l77
   752  0031                     u6_20:
   753  0031                     i1l791:
   754                           
   755                           ;main_slave2.c: 61:         SSPCONbits.CKP = 0;
   756  0031  1214               	bcf	20,4	;volatile
   757                           
   758                           ;main_slave2.c: 63:         if ((SSPCONbits.SSPOV) || (SSPCONbits.WCOL)){
   759  0032  1B14               	btfsc	20,6	;volatile
   760  0033  2835               	goto	u7_21
   761  0034  2836               	goto	u7_20
   762  0035                     u7_21:
   763  0035  283A               	goto	i1l795
   764  0036                     u7_20:
   765  0036                     i1l793:
   766  0036  1F94               	btfss	20,7	;volatile
   767  0037  2839               	goto	u8_21
   768  0038  283A               	goto	u8_20
   769  0039                     u8_21:
   770  0039  2841               	goto	i1l803
   771  003A                     u8_20:
   772  003A                     i1l795:
   773                           
   774                           ;main_slave2.c: 64:             z = SSPBUF;
   775  003A  0813               	movf	19,w	;volatile
   776  003B  00F0               	movwf	??_isr
   777  003C  0870               	movf	??_isr,w
   778  003D  00F4               	movwf	_z
   779  003E                     i1l797:
   780                           
   781                           ;main_slave2.c: 65:             SSPCONbits.SSPOV = 0;
   782  003E  1314               	bcf	20,6	;volatile
   783  003F                     i1l799:
   784                           
   785                           ;main_slave2.c: 66:             SSPCONbits.WCOL = 0;
   786  003F  1394               	bcf	20,7	;volatile
   787  0040                     i1l801:
   788                           
   789                           ;main_slave2.c: 67:             SSPCONbits.CKP = 1;
   790  0040  1614               	bsf	20,4	;volatile
   791  0041                     i1l803:
   792                           
   793                           ;main_slave2.c: 70:         if(!SSPSTATbits.D_nA && !SSPSTATbits.R_nW) {
   794  0041  1683               	bsf	3,5	;RP0=1, select bank1
   795  0042  1303               	bcf	3,6	;RP1=0, select bank1
   796  0043  1A94               	btfsc	20,5	;volatile
   797  0044  2846               	goto	u9_21
   798  0045  2847               	goto	u9_20
   799  0046                     u9_21:
   800  0046  2862               	goto	i1l68
   801  0047                     u9_20:
   802  0047                     i1l805:
   803  0047  1914               	btfsc	20,2	;volatile
   804  0048  284A               	goto	u10_21
   805  0049  284B               	goto	u10_20
   806  004A                     u10_21:
   807  004A  2862               	goto	i1l68
   808  004B                     u10_20:
   809  004B                     i1l807:
   810                           
   811                           ;main_slave2.c: 71:             z = SSPBUF;
   812  004B  1283               	bcf	3,5	;RP0=0, select bank0
   813  004C  1303               	bcf	3,6	;RP1=0, select bank0
   814  004D  0813               	movf	19,w	;volatile
   815  004E  00F0               	movwf	??_isr
   816  004F  0870               	movf	??_isr,w
   817  0050  00F4               	movwf	_z
   818  0051                     i1l809:
   819                           
   820                           ;main_slave2.c: 72:             PIR1bits.SSPIF = 0;
   821  0051  118C               	bcf	12,3	;volatile
   822  0052                     i1l811:
   823                           
   824                           ;main_slave2.c: 73:             SSPCONbits.CKP = 1;
   825  0052  1614               	bsf	20,4	;volatile
   826  0053                     i1l69:	
   827                           ;main_slave2.c: 74:             while(!SSPSTATbits.BF);
   828                           
   829  0053  1683               	bsf	3,5	;RP0=1, select bank1
   830  0054  1303               	bcf	3,6	;RP1=0, select bank1
   831  0055  1C14               	btfss	20,0	;volatile
   832  0056  2858               	goto	u11_21
   833  0057  2859               	goto	u11_20
   834  0058                     u11_21:
   835  0058  2853               	goto	i1l69
   836  0059                     u11_20:
   837  0059                     i1l813:
   838                           
   839                           ;main_slave2.c: 75:             PORTA = SSPBUF;
   840  0059  1283               	bcf	3,5	;RP0=0, select bank0
   841  005A  1303               	bcf	3,6	;RP1=0, select bank0
   842  005B  0813               	movf	19,w	;volatile
   843  005C  0085               	movwf	5	;volatile
   844                           
   845                           ;main_slave2.c: 76:             _delay((unsigned long)((250)*(4000000/4000000.0)));
   846  005D  3053               	movlw	83
   847  005E  00F0               	movwf	??_isr
   848  005F                     u17_27:
   849  005F  0BF0               	decfsz	??_isr,f
   850  0060  285F               	goto	u17_27
   851                           
   852                           ;main_slave2.c: 78:         }else if(!SSPSTATbits.D_nA && SSPSTATbits.R_nW){
   853  0061  2882               	goto	i1l72
   854  0062                     i1l68:
   855  0062  1A94               	btfsc	20,5	;volatile
   856  0063  2865               	goto	u12_21
   857  0064  2866               	goto	u12_20
   858  0065                     u12_21:
   859  0065  2882               	goto	i1l72
   860  0066                     u12_20:
   861  0066                     i1l815:
   862  0066  1D14               	btfss	20,2	;volatile
   863  0067  2869               	goto	u13_21
   864  0068  286A               	goto	u13_20
   865  0069                     u13_21:
   866  0069  2882               	goto	i1l72
   867  006A                     u13_20:
   868  006A                     i1l817:
   869                           
   870                           ;main_slave2.c: 79:             z = SSPBUF;
   871  006A  1283               	bcf	3,5	;RP0=0, select bank0
   872  006B  1303               	bcf	3,6	;RP1=0, select bank0
   873  006C  0813               	movf	19,w	;volatile
   874  006D  00F0               	movwf	??_isr
   875  006E  0870               	movf	??_isr,w
   876  006F  00F4               	movwf	_z
   877  0070                     i1l819:
   878                           
   879                           ;main_slave2.c: 80:             BF = 0;
   880  0070  1683               	bsf	3,5	;RP0=1, select bank1
   881  0071  1303               	bcf	3,6	;RP1=0, select bank1
   882  0072  1014               	bcf	20,0	;volatile
   883                           
   884                           ;main_slave2.c: 81:             SSPBUF = PORTA;
   885  0073  1283               	bcf	3,5	;RP0=0, select bank0
   886  0074  1303               	bcf	3,6	;RP1=0, select bank0
   887  0075  0805               	movf	5,w	;volatile
   888  0076  0093               	movwf	19	;volatile
   889  0077                     i1l821:
   890                           
   891                           ;main_slave2.c: 82:             SSPCONbits.CKP = 1;
   892  0077  1614               	bsf	20,4	;volatile
   893                           
   894                           ;main_slave2.c: 83:             _delay((unsigned long)((250)*(4000000/4000000.0)));
   895  0078  3053               	movlw	83
   896  0079  00F0               	movwf	??_isr
   897  007A                     u18_27:
   898  007A  0BF0               	decfsz	??_isr,f
   899  007B  287A               	goto	u18_27
   900  007C                     i1l74:	
   901                           ;main_slave2.c: 84:             while(SSPSTATbits.BF);
   902                           
   903  007C  1683               	bsf	3,5	;RP0=1, select bank1
   904  007D  1303               	bcf	3,6	;RP1=0, select bank1
   905  007E  1814               	btfsc	20,0	;volatile
   906  007F  2881               	goto	u14_21
   907  0080  2882               	goto	u14_20
   908  0081                     u14_21:
   909  0081  287C               	goto	i1l74
   910  0082                     u14_20:
   911  0082                     i1l72:
   912                           
   913                           ;main_slave2.c: 87:         PIR1bits.SSPIF = 0;
   914  0082  1283               	bcf	3,5	;RP0=0, select bank0
   915  0083  1303               	bcf	3,6	;RP1=0, select bank0
   916  0084  118C               	bcf	12,3	;volatile
   917  0085                     i1l77:
   918  0085  0872               	movf	??_isr+2,w
   919  0086  008A               	movwf	10
   920  0087  0E71               	swapf	??_isr+1,w
   921  0088  0083               	movwf	3
   922  0089  0EFE               	swapf	btemp,f
   923  008A  0E7E               	swapf	btemp,w
   924  008B  0009               	retfie
   925  008C                     __end_of_isr:
   926  007E                     btemp	set	126	;btemp
   927  007E                     wtemp0	set	126
   928                           
   929                           	psect	intentry
   930  0004                     __pintentry:	
   931                           ;incstack = 0
   932                           ; Regs used in _isr: [wreg+status,2+status,0]
   933                           
   934  0004                     interrupt_function:
   935  007E                     saved_w	set	btemp
   936  0004  00FE               	movwf	btemp
   937  0005  0E03               	swapf	3,w
   938  0006  00F1               	movwf	??_isr+1
   939  0007  080A               	movf	10,w
   940  0008  00F2               	movwf	??_isr+2
   941  0009  120A  118A  2814   	ljmp	_isr
   942                           
   943                           	psect	config
   944                           
   945                           ;Config register CONFIG1 @ 0x2007
   946                           ;	Oscillator Selection bits
   947                           ;	FOSC = INTRC_NOCLKOUT, INTOSCIO oscillator: I/O function on RA6/OSC2/CLKOUT pin, I/O f
      +                          unction on RA7/OSC1/CLKIN
   948                           ;	Watchdog Timer Enable bit
   949                           ;	WDTE = OFF, WDT disabled and can be enabled by SWDTEN bit of the WDTCON register
   950                           ;	Power-up Timer Enable bit
   951                           ;	PWRTE = OFF, PWRT disabled
   952                           ;	RE3/MCLR pin function select bit
   953                           ;	MCLRE = OFF, RE3/MCLR pin function is digital input, MCLR internally tied to VDD
   954                           ;	Code Protection bit
   955                           ;	CP = OFF, Program memory code protection is disabled
   956                           ;	Data Code Protection bit
   957                           ;	CPD = OFF, Data memory code protection is disabled
   958                           ;	Brown Out Reset Selection bits
   959                           ;	BOREN = OFF, BOR disabled
   960                           ;	Internal External Switchover bit
   961                           ;	IESO = OFF, Internal/External Switchover mode is disabled
   962                           ;	Fail-Safe Clock Monitor Enabled bit
   963                           ;	FCMEN = OFF, Fail-Safe Clock Monitor is disabled
   964                           ;	Low Voltage Programming Enable bit
   965                           ;	LVP = OFF, RB3 pin has digital I/O, HV on MCLR must be used for programming
   966                           ;	In-Circuit Debugger Mode bit
   967                           ;	DEBUG = 0x1, unprogrammed default
   968  2007                     	org	8199
   969  2007  20D4               	dw	8404
   970                           
   971                           ;Config register CONFIG2 @ 0x2008
   972                           ;	Brown-out Reset Selection bit
   973                           ;	BOR4V = BOR40V, Brown-out Reset set to 4.0V
   974                           ;	Flash Program Memory Self Write Enable bits
   975                           ;	WRT = OFF, Write protection off
   976  2008                     	org	8200
   977  2008  3FFF               	dw	16383

Data Sizes:
    Strings     0
    Constant    0
    Data        0
    BSS         1
    Persistent  0
    Stack       0

Auto Spaces:
    Space          Size  Autos    Used
    COMMON           14      4       5
    BANK0            80      0       0
    BANK1            80      0       0
    BANK3            96      0       0
    BANK2            96      0       0

Pointer List with Targets:

    None.

Critical Paths under _main in COMMON

    _setup->_I2C_Slave_Init

Critical Paths under _isr in COMMON

    None.

Critical Paths under _main in BANK0

    None.

Critical Paths under _isr in BANK0

    None.

Critical Paths under _main in BANK1

    None.

Critical Paths under _isr in BANK1

    None.

Critical Paths under _main in BANK3

    None.

Critical Paths under _isr in BANK3

    None.

Critical Paths under _main in BANK2

    None.

Critical Paths under _isr in BANK2

    None.

Call Graph Tables:

 ---------------------------------------------------------------------------------
 (Depth) Function   	        Calls       Base Space   Used Autos Params    Refs
 ---------------------------------------------------------------------------------
 (0) _main                                                 0     0      0      15
                              _setup
 ---------------------------------------------------------------------------------
 (1) _setup                                                0     0      0      15
                     _I2C_Slave_Init
 ---------------------------------------------------------------------------------
 (2) _I2C_Slave_Init                                       1     1      0      15
                                              3 COMMON     1     1      0
 ---------------------------------------------------------------------------------
 Estimated maximum stack depth 2
 ---------------------------------------------------------------------------------
 (Depth) Function   	        Calls       Base Space   Used Autos Params    Refs
 ---------------------------------------------------------------------------------
 (3) _isr                                                  3     3      0       0
                                              0 COMMON     3     3      0
 ---------------------------------------------------------------------------------
 Estimated maximum stack depth 3
 ---------------------------------------------------------------------------------

 Call Graph Graphs:

 _main (ROOT)
   _setup
     _I2C_Slave_Init

 _isr (ROOT)

 Address spaces:
Name               Size   Autos  Total    Cost      Usage
BITCOMMON            E      0       0       0        0.0%
EEDATA             100      0       0       0        0.0%
NULL                 0      0       0       0        0.0%
CODE                 0      0       0       0        0.0%
COMMON               E      4       5       1       35.7%
BITSFR0              0      0       0       1        0.0%
SFR0                 0      0       0       1        0.0%
BITSFR1              0      0       0       2        0.0%
SFR1                 0      0       0       2        0.0%
STACK                0      0       0       2        0.0%
ABS                  0      0       5       3        0.0%
BITBANK0            50      0       0       4        0.0%
BITSFR3              0      0       0       4        0.0%
SFR3                 0      0       0       4        0.0%
BANK0               50      0       0       5        0.0%
BITSFR2              0      0       0       5        0.0%
SFR2                 0      0       0       5        0.0%
BITBANK1            50      0       0       6        0.0%
BANK1               50      0       0       7        0.0%
BITBANK3            60      0       0       8        0.0%
BANK3               60      0       0       9        0.0%
BITBANK2            60      0       0      10        0.0%
BANK2               60      0       0      11        0.0%
DATA                 0      0       5      12        0.0%


Microchip Technology PIC Macro Assembler V2.31 build 20201012212115 
Symbol Table                                                                                   Mon Aug 09 20:27:06 2021

                      _z 0074              _SSPSTATbits 0094                       _BF 04A0  
                     l82 00D5                       l83 00D5                       l88 00B5  
                    l143 00CF                      l741 00C7                      l743 00C8  
                    l735 00B7                      l751 0092                      l823 00D0  
                    l745 00C9                      l737 00C5                      l761 00AA  
                    l753 0099                      l747 00CC                      l739 00C6  
                    l771 00AF                      l763 00AB                      l755 009A  
                    l765 00AC                      l757 00A5                      l749 008C  
                    l767 00AD                      l759 00A8                      l769 00AE  
                    _GIE 005F                      _isr 0014                     ?_isr 0070  
                   _PEIE 005E                     _RBIF 0058                     i1l72 0082  
                   i1l74 007C                     i1l68 0062                     i1l69 0053  
                   i1l77 0085                     _WPUB 0095                     u3_20 0018  
                   u3_21 0017                     u4_20 001E                     u4_21 001D  
                   u5_20 0026                     u5_21 0025                     u6_20 0031  
                   u6_21 0030                     u7_20 0036                     u7_21 0035  
                   u8_20 003A                     u8_21 0039                     u9_20 0047  
                   u9_21 0046                     _main 00D0                     btemp 007E  
                   start 000C                    ??_isr 0070                    ?_main 0070  
                  _ANSEL 0188                    i1l801 0040                    i1l811 0052  
                  i1l803 0041                    i1l821 0077                    i1l813 0059  
                  i1l805 0047                    i1l815 0066                    i1l807 004B  
                  i1l817 006A                    i1l809 0051                    i1l819 0070  
                  i1l781 001E                    i1l791 0031                    i1l783 0022  
                  i1l793 0036                    i1l785 0026                    i1l777 0014  
                  i1l795 003A                    i1l787 002A                    i1l779 0018  
                  i1l797 003E                    i1l789 002B                    i1l799 003F  
                  u10_20 004B                    u10_21 004A                    u11_20 0059  
                  u11_21 0058                    u12_20 0066                    u12_21 0065  
                  u13_20 006A                    u13_21 0069                    u14_20 0082  
                  u14_21 0081                    u17_27 005F                    u18_27 007A  
                  _PORTA 0005                    _PORTB 0006                    _PORTC 0007  
                  _PORTD 0008                    _PORTE 0009                    _TRISA 0085  
                  _TRISC 0087                    _TRISD 0088                    _SSPIE 0463  
                  _TRISE 0089                    _SSPIF 0063                    _setup 008C  
                  pclath 000A                    status 0003                    wtemp0 007E  
        __initialization 000F             __end_of_main 00D9                   ??_main 0074  
                 ?_setup 0070                   _ANSELH 0189                   _SSPADD 0093  
                 _TRISC3 043B                   _TRISC4 043C                   _SSPBUF 0013  
                 _SSPCON 0014                   saved_w 007E  __end_of__initialization 0010  
         __pcstackCOMMON 0070  __size_of_I2C_Slave_Init 001A            __end_of_setup 00B6  
         _OPTION_REGbits 0081                  ??_setup 0074    I2C_Slave_Init@address 0073  
             __pmaintext 00D0               __pintentry 0004                  _SSPCON2 0091  
                _SSPSTAT 0094                  __ptext1 008C                  __ptext2 00B6  
                __ptext3 0014             __size_of_isr 0078     end_of_initialization 0010  
         _I2C_Slave_Init 00B6                _PORTBbits 0006                _TRISBbits 0086  
              _TRISCbits 0087   __end_of_I2C_Slave_Init 00D0      start_initialization 000F  
            __end_of_isr 008C          ?_I2C_Slave_Init 0070              __pbssCOMMON 0074  
              ___latbits 0002           __size_of_setup 002A        interrupt_function 0004  
               _IOCBbits 0096                 _PIR1bits 000C         ??_I2C_Slave_Init 0073  
          __size_of_main 0009               _INTCONbits 000B                 intlevel1 0000  
             _OSCCONbits 008F              _SSPCON2bits 0091               _SSPCONbits 0014  
