

Microchip MPLAB XC8 Assembler V2.31 build 20201012212115 
                                                                                               Mon Aug 09 20:27:17 2021

Microchip MPLAB XC8 C Compiler v2.31 (Free license) build 20201012212115 Og1 
     1                           	processor	16F887
     2                           	pagewidth 120
     3                           	opt	flic
     4                           	psect	cinit,global,class=CODE,merge=1,delta=2
     5                           	psect	bssCOMMON,global,class=COMMON,space=1,delta=1,noexec
     6                           	psect	cstackCOMMON,global,class=COMMON,space=1,delta=1,noexec
     7                           	psect	cstackBANK0,global,class=BANK0,space=1,delta=1,noexec
     8                           	psect	maintext,global,class=CODE,split=1,delta=2
     9                           	psect	text1,local,class=CODE,merge=1,delta=2
    10                           	psect	text2,local,class=CODE,merge=1,delta=2
    11                           	psect	text3,local,class=CODE,merge=1,delta=2,group=1
    12                           	psect	text4,local,class=CODE,merge=1,delta=2
    13                           	psect	text5,local,class=CODE,merge=1,delta=2
    14                           	psect	text6,local,class=CODE,merge=1,delta=2
    15                           	psect	text7,local,class=CODE,merge=1,delta=2
    16                           	psect	text8,local,class=CODE,merge=1,delta=2
    17                           	psect	text9,local,class=CODE,merge=1,delta=2
    18                           	psect	intentry,global,class=CODE,delta=2
    19                           	psect	config,global,abs,ovrld,class=CONFIG,space=4,delta=2,noexec
    20                           	dabs	1,0x7E,2
    21  0000                     
    22                           ; Version 2.20
    23                           ; Generated 12/02/2020 GMT
    24                           ; 
    25                           ; Copyright © 2020, Microchip Technology Inc. and its subsidiaries ("Microchip")
    26                           ; All rights reserved.
    27                           ; 
    28                           ; This software is developed by Microchip Technology Inc. and its subsidiaries ("Microch
      +                          ip").
    29                           ; 
    30                           ; Redistribution and use in source and binary forms, with or without modification, are
    31                           ; permitted provided that the following conditions are met:
    32                           ; 
    33                           ;     1. Redistributions of source code must retain the above copyright notice, this lis
      +                          t of
    34                           ;        conditions and the following disclaimer.
    35                           ; 
    36                           ;     2. Redistributions in binary form must reproduce the above copyright notice, this 
      +                          list
    37                           ;        of conditions and the following disclaimer in the documentation and/or other
    38                           ;        materials provided with the distribution.
    39                           ; 
    40                           ;     3. Microchip's name may not be used to endorse or promote products derived from th
      +                          is
    41                           ;        software without specific prior written permission.
    42                           ; 
    43                           ; THIS SOFTWARE IS PROVIDED BY MICROCHIP "AS IS" AND ANY EXPRESS OR IMPLIED WARRANTIES,
    44                           ; INCLUDING, BUT NOT LIMITED TO, THE IMPLIED WARRANTIES OF MERCHANTABILITY AND FITNESS F
      +                          OR
    45                           ; PURPOSE ARE DISCLAIMED.  IN NO EVENT SHALL MICROCHIP BE LIABLE FOR ANY DIRECT, INDIREC
      +                          T,
    46                           ; INCIDENTAL, SPECIAL, EXEMPLARY, OR CONSEQUENTIAL DAMAGES (INCLUDING BUT NOT LIMITED TO
    47                           ; PROCUREMENT OF SUBSTITUTE GOODS OR SERVICES; LOSS OF USE, DATA OR PROFITS; OR BUSINESS
    48                           ; INTERRUPTION) HOWSOEVER CAUSED AND ON ANY THEORY OF LIABILITY, WHETHER IN CONTRACT, ST
      +                          RICT
    49                           ; LIABILITY, OR TORT (INCLUDING NEGLIGENCE OR OTHERWISE) ARISING IN ANY WAY OUT OF THE U
      +                          SE OF
    50                           ; THIS SOFTWARE, EVEN IF ADVISED OF THE POSSIBILITY OF SUCH DAMAGE.
    51                           ; 
    52                           ; 
    53                           ; Code-generator required, PIC16F887 Definitions
    54                           ; 
    55                           ; SFR Addresses
    56  0000                     	;# 
    57  0001                     	;# 
    58  0002                     	;# 
    59  0003                     	;# 
    60  0004                     	;# 
    61  0005                     	;# 
    62  0006                     	;# 
    63  0007                     	;# 
    64  0008                     	;# 
    65  0009                     	;# 
    66  000A                     	;# 
    67  000B                     	;# 
    68  000C                     	;# 
    69  000D                     	;# 
    70  000E                     	;# 
    71  000E                     	;# 
    72  000F                     	;# 
    73  0010                     	;# 
    74  0011                     	;# 
    75  0012                     	;# 
    76  0013                     	;# 
    77  0014                     	;# 
    78  0015                     	;# 
    79  0015                     	;# 
    80  0016                     	;# 
    81  0017                     	;# 
    82  0018                     	;# 
    83  0019                     	;# 
    84  001A                     	;# 
    85  001B                     	;# 
    86  001B                     	;# 
    87  001C                     	;# 
    88  001D                     	;# 
    89  001E                     	;# 
    90  001F                     	;# 
    91  0081                     	;# 
    92  0085                     	;# 
    93  0086                     	;# 
    94  0087                     	;# 
    95  0088                     	;# 
    96  0089                     	;# 
    97  008C                     	;# 
    98  008D                     	;# 
    99  008E                     	;# 
   100  008F                     	;# 
   101  0090                     	;# 
   102  0091                     	;# 
   103  0092                     	;# 
   104  0093                     	;# 
   105  0093                     	;# 
   106  0093                     	;# 
   107  0094                     	;# 
   108  0095                     	;# 
   109  0096                     	;# 
   110  0097                     	;# 
   111  0098                     	;# 
   112  0099                     	;# 
   113  009A                     	;# 
   114  009B                     	;# 
   115  009C                     	;# 
   116  009D                     	;# 
   117  009E                     	;# 
   118  009F                     	;# 
   119  0105                     	;# 
   120  0107                     	;# 
   121  0108                     	;# 
   122  0109                     	;# 
   123  010C                     	;# 
   124  010C                     	;# 
   125  010D                     	;# 
   126  010E                     	;# 
   127  010F                     	;# 
   128  0185                     	;# 
   129  0187                     	;# 
   130  0188                     	;# 
   131  0189                     	;# 
   132  018C                     	;# 
   133  018D                     	;# 
   134  0000                     	;# 
   135  0001                     	;# 
   136  0002                     	;# 
   137  0003                     	;# 
   138  0004                     	;# 
   139  0005                     	;# 
   140  0006                     	;# 
   141  0007                     	;# 
   142  0008                     	;# 
   143  0009                     	;# 
   144  000A                     	;# 
   145  000B                     	;# 
   146  000C                     	;# 
   147  000D                     	;# 
   148  000E                     	;# 
   149  000E                     	;# 
   150  000F                     	;# 
   151  0010                     	;# 
   152  0011                     	;# 
   153  0012                     	;# 
   154  0013                     	;# 
   155  0014                     	;# 
   156  0015                     	;# 
   157  0015                     	;# 
   158  0016                     	;# 
   159  0017                     	;# 
   160  0018                     	;# 
   161  0019                     	;# 
   162  001A                     	;# 
   163  001B                     	;# 
   164  001B                     	;# 
   165  001C                     	;# 
   166  001D                     	;# 
   167  001E                     	;# 
   168  001F                     	;# 
   169  0081                     	;# 
   170  0085                     	;# 
   171  0086                     	;# 
   172  0087                     	;# 
   173  0088                     	;# 
   174  0089                     	;# 
   175  008C                     	;# 
   176  008D                     	;# 
   177  008E                     	;# 
   178  008F                     	;# 
   179  0090                     	;# 
   180  0091                     	;# 
   181  0092                     	;# 
   182  0093                     	;# 
   183  0093                     	;# 
   184  0093                     	;# 
   185  0094                     	;# 
   186  0095                     	;# 
   187  0096                     	;# 
   188  0097                     	;# 
   189  0098                     	;# 
   190  0099                     	;# 
   191  009A                     	;# 
   192  009B                     	;# 
   193  009C                     	;# 
   194  009D                     	;# 
   195  009E                     	;# 
   196  009F                     	;# 
   197  0105                     	;# 
   198  0107                     	;# 
   199  0108                     	;# 
   200  0109                     	;# 
   201  010C                     	;# 
   202  010C                     	;# 
   203  010D                     	;# 
   204  010E                     	;# 
   205  010F                     	;# 
   206  0185                     	;# 
   207  0187                     	;# 
   208  0188                     	;# 
   209  0189                     	;# 
   210  018C                     	;# 
   211  018D                     	;# 
   212  0000                     	;# 
   213  0001                     	;# 
   214  0002                     	;# 
   215  0003                     	;# 
   216  0004                     	;# 
   217  0005                     	;# 
   218  0006                     	;# 
   219  0007                     	;# 
   220  0008                     	;# 
   221  0009                     	;# 
   222  000A                     	;# 
   223  000B                     	;# 
   224  000C                     	;# 
   225  000D                     	;# 
   226  000E                     	;# 
   227  000E                     	;# 
   228  000F                     	;# 
   229  0010                     	;# 
   230  0011                     	;# 
   231  0012                     	;# 
   232  0013                     	;# 
   233  0014                     	;# 
   234  0015                     	;# 
   235  0015                     	;# 
   236  0016                     	;# 
   237  0017                     	;# 
   238  0018                     	;# 
   239  0019                     	;# 
   240  001A                     	;# 
   241  001B                     	;# 
   242  001B                     	;# 
   243  001C                     	;# 
   244  001D                     	;# 
   245  001E                     	;# 
   246  001F                     	;# 
   247  0081                     	;# 
   248  0085                     	;# 
   249  0086                     	;# 
   250  0087                     	;# 
   251  0088                     	;# 
   252  0089                     	;# 
   253  008C                     	;# 
   254  008D                     	;# 
   255  008E                     	;# 
   256  008F                     	;# 
   257  0090                     	;# 
   258  0091                     	;# 
   259  0092                     	;# 
   260  0093                     	;# 
   261  0093                     	;# 
   262  0093                     	;# 
   263  0094                     	;# 
   264  0095                     	;# 
   265  0096                     	;# 
   266  0097                     	;# 
   267  0098                     	;# 
   268  0099                     	;# 
   269  009A                     	;# 
   270  009B                     	;# 
   271  009C                     	;# 
   272  009D                     	;# 
   273  009E                     	;# 
   274  009F                     	;# 
   275  0105                     	;# 
   276  0107                     	;# 
   277  0108                     	;# 
   278  0109                     	;# 
   279  010C                     	;# 
   280  010C                     	;# 
   281  010D                     	;# 
   282  010E                     	;# 
   283  010F                     	;# 
   284  0185                     	;# 
   285  0187                     	;# 
   286  0188                     	;# 
   287  0189                     	;# 
   288  018C                     	;# 
   289  018D                     	;# 
   290  0013                     _SSPBUF	set	19
   291  0014                     _SSPCON	set	20
   292  0009                     _PORTE	set	9
   293  0007                     _PORTC	set	7
   294  0008                     _PORTD	set	8
   295  0005                     _PORTA	set	5
   296  0006                     _PORTB	set	6
   297  0063                     _SSPIF	set	99
   298  005E                     _PEIE	set	94
   299  005F                     _GIE	set	95
   300  0091                     _SSPCON2bits	set	145
   301  0087                     _TRISCbits	set	135
   302  0094                     _SSPSTAT	set	148
   303  0093                     _SSPADD	set	147
   304  0091                     _SSPCON2	set	145
   305  008F                     _OSCCONbits	set	143
   306  0088                     _TRISD	set	136
   307  0086                     _TRISB	set	134
   308  0085                     _TRISA	set	133
   309  0463                     _SSPIE	set	1123
   310  043C                     _TRISC4	set	1084
   311  043B                     _TRISC3	set	1083
   312  0189                     _ANSELH	set	393
   313  0188                     _ANSEL	set	392
   314                           
   315                           	psect	cinit
   316  000F                     start_initialization:	
   317                           ; #config settings
   318                           
   319  000F                     __initialization:
   320                           
   321                           ; Clear objects allocated to COMMON
   322  000F  01FA               	clrf	__pbssCOMMON& (0+127)
   323  0010  01FB               	clrf	(__pbssCOMMON+1)& (0+127)
   324  0011                     end_of_initialization:	
   325                           ;End of C runtime variable initialization code
   326                           
   327  0011                     __end_of__initialization:
   328  0011  0183               	clrf	3
   329  0012  120A  118A  2815   	ljmp	_main	;jump to C main() function
   330                           
   331                           	psect	bssCOMMON
   332  007A                     __pbssCOMMON:
   333  007A                     _full:
   334  007A                     	ds	2
   335                           
   336                           	psect	cstackCOMMON
   337  0070                     __pcstackCOMMON:
   338  0070                     ?_setup:
   339  0070                     ?_I2C_Master_Start:	
   340                           ; 1 bytes @ 0x0
   341                           
   342  0070                     ?_I2C_Master_Stop:	
   343                           ; 1 bytes @ 0x0
   344                           
   345  0070                     ?_isr:	
   346                           ; 1 bytes @ 0x0
   347                           
   348  0070                     ??_isr:	
   349                           ; 1 bytes @ 0x0
   350                           
   351  0070                     ?_main:	
   352                           ; 1 bytes @ 0x0
   353                           
   354  0070                     ?_I2C_Master_Wait:	
   355                           ; 1 bytes @ 0x0
   356                           
   357                           
   358                           ; 1 bytes @ 0x0
   359  0070                     	ds	2
   360  0072                     ??_I2C_Master_Start:
   361  0072                     ?_I2C_Master_Write:	
   362                           ; 1 bytes @ 0x2
   363                           
   364  0072                     ??_I2C_Master_Stop:	
   365                           ; 1 bytes @ 0x2
   366                           
   367  0072                     ??_I2C_Master_Wait:	
   368                           ; 1 bytes @ 0x2
   369                           
   370  0072                     ?_I2C_Master_Read:	
   371                           ; 1 bytes @ 0x2
   372                           
   373  0072                     ?___lldiv:	
   374                           ; 2 bytes @ 0x2
   375                           
   376  0072                     I2C_Master_Write@d:	
   377                           ; 4 bytes @ 0x2
   378                           
   379  0072                     I2C_Master_Read@a:	
   380                           ; 2 bytes @ 0x2
   381                           
   382  0072                     ___lldiv@divisor:	
   383                           ; 2 bytes @ 0x2
   384                           
   385                           
   386                           ; 4 bytes @ 0x2
   387  0072                     	ds	2
   388  0074                     ??_I2C_Master_Write:
   389  0074                     ??_I2C_Master_Read:	
   390                           ; 1 bytes @ 0x4
   391                           
   392                           
   393                           ; 1 bytes @ 0x4
   394  0074                     	ds	2
   395  0076                     I2C_Master_Read@temp:
   396  0076                     ___lldiv@dividend:	
   397                           ; 2 bytes @ 0x6
   398                           
   399                           
   400                           ; 4 bytes @ 0x6
   401  0076                     	ds	4
   402  007A                     ??_setup:
   403                           
   404                           	psect	cstackBANK0
   405  0020                     __pcstackBANK0:	
   406                           ; 1 bytes @ 0xA
   407                           
   408  0020                     ??___lldiv:
   409                           
   410                           ; 1 bytes @ 0x0
   411  0020                     	ds	1
   412  0021                     ___lldiv@quotient:
   413                           
   414                           ; 4 bytes @ 0x1
   415  0021                     	ds	4
   416  0025                     ___lldiv@counter:
   417                           
   418                           ; 1 bytes @ 0x5
   419  0025                     	ds	1
   420  0026                     ?_I2C_Master_Init:
   421  0026                     I2C_Master_Init@c:	
   422                           ; 1 bytes @ 0x6
   423                           
   424                           
   425                           ; 4 bytes @ 0x6
   426  0026                     	ds	4
   427  002A                     ??_I2C_Master_Init:
   428                           
   429                           ; 1 bytes @ 0xA
   430  002A                     	ds	4
   431  002E                     ??_main:
   432                           
   433                           ; 1 bytes @ 0xE
   434  002E                     	ds	3
   435                           
   436                           	psect	maintext
   437  0015                     __pmaintext:	
   438 ;;
   439 ;;Main: autosize = 0, tempsize = 3, incstack = 0, save=0
   440 ;;
   441 ;; *************** function _main *****************
   442 ;; Defined at:
   443 ;;		line 51 in file "main_master.c"
   444 ;; Parameters:    Size  Location     Type
   445 ;;		None
   446 ;; Auto vars:     Size  Location     Type
   447 ;;		None
   448 ;; Return value:  Size  Location     Type
   449 ;;                  1    wreg      void 
   450 ;; Registers used:
   451 ;;		wreg, status,2, status,0, pclath, cstack
   452 ;; Tracked objects:
   453 ;;		On entry : B00/0
   454 ;;		On exit  : 0/0
   455 ;;		Unchanged: 0/0
   456 ;; Data sizes:     COMMON   BANK0   BANK1   BANK3   BANK2
   457 ;;      Params:         0       0       0       0       0
   458 ;;      Locals:         0       0       0       0       0
   459 ;;      Temps:          0       3       0       0       0
   460 ;;      Totals:         0       3       0       0       0
   461 ;;Total ram usage:        3 bytes
   462 ;; Hardware stack levels required when called:    4
   463 ;; This function calls:
   464 ;;		_I2C_Master_Read
   465 ;;		_I2C_Master_Start
   466 ;;		_I2C_Master_Stop
   467 ;;		_I2C_Master_Write
   468 ;;		_setup
   469 ;; This function is called by:
   470 ;;		Startup code after reset
   471 ;; This function uses a non-reentrant model
   472 ;;
   473                           
   474                           
   475                           ;psect for function _main
   476  0015                     _main:
   477  0015                     l967:	
   478                           ;incstack = 0
   479                           ; Regs used in _main: [wreg+status,2+status,0+pclath+cstack]
   480                           
   481                           
   482                           ;main_master.c: 53: void setup(void){
   483  0015  120A  118A  21A1  120A  118A  	fcall	_setup
   484  001A                     l48:	
   485                           ;main_master.c: 56:     ANSELH = 0;
   486                           
   487                           
   488                           ;main_master.c: 57:     TRISA = 0;;main_master.c: 60:     PORTB = 0;
   489  001A  120A  118A  21ED  120A  118A  	fcall	_I2C_Master_Start
   490                           
   491                           ;main_master.c: 61:     TRISD = 0;
   492  001F  3051               	movlw	81
   493  0020  00F2               	movwf	I2C_Master_Write@d
   494  0021  3000               	movlw	0
   495  0022  00F3               	movwf	I2C_Master_Write@d+1
   496  0023  120A  118A  21DA  120A  118A  	fcall	_I2C_Master_Write
   497                           
   498                           ;main_master.c: 62: 
   499  0028  3000               	movlw	0
   500  0029  00F2               	movwf	I2C_Master_Read@a
   501  002A  00F3               	movwf	I2C_Master_Read@a+1
   502  002B  120A  118A  2173  120A  118A  	fcall	_I2C_Master_Read
   503  0030  0872               	movf	?_I2C_Master_Read,w
   504  0031  1283               	bcf	3,5	;RP0=0, select bank0
   505  0032  1303               	bcf	3,6	;RP1=0, select bank0
   506  0033  0086               	movwf	6	;volatile
   507                           
   508                           ;main_master.c: 63: 
   509  0034  120A  118A  21E4  120A  118A  	fcall	_I2C_Master_Stop
   510  0039                     l969:
   511                           
   512                           ;main_master.c: 64:     PORTA = 0x00;
   513  0039  3002               	movlw	2
   514  003A  1283               	bcf	3,5	;RP0=0, select bank0
   515  003B  1303               	bcf	3,6	;RP1=0, select bank0
   516  003C  00B0               	movwf	??_main+2
   517  003D  3004               	movlw	4
   518  003E  00AF               	movwf	??_main+1
   519  003F  30B9               	movlw	185
   520  0040  00AE               	movwf	??_main
   521  0041                     u297:
   522  0041  0BAE               	decfsz	??_main,f
   523  0042  2841               	goto	u297
   524  0043  0BAF               	decfsz	??_main+1,f
   525  0044  2841               	goto	u297
   526  0045  0BB0               	decfsz	??_main+2,f
   527  0046  2841               	goto	u297
   528  0047  2848               	nop2
   529  0048                     l971:
   530                           
   531                           ;main_master.c: 67:     PORTD = 0x00;
   532  0048  120A  118A  21ED  120A  118A  	fcall	_I2C_Master_Start
   533  004D                     l973:
   534                           
   535                           ;main_master.c: 68:     PORTE = 0x00;
   536  004D  3061               	movlw	97
   537  004E  00F2               	movwf	I2C_Master_Write@d
   538  004F  3000               	movlw	0
   539  0050  00F3               	movwf	I2C_Master_Write@d+1
   540  0051  120A  118A  21DA  120A  118A  	fcall	_I2C_Master_Write
   541  0056                     l975:
   542                           
   543                           ;main_master.c: 69: 
   544  0056  3000               	movlw	0
   545  0057  00F2               	movwf	I2C_Master_Read@a
   546  0058  00F3               	movwf	I2C_Master_Read@a+1
   547  0059  120A  118A  2173  120A  118A  	fcall	_I2C_Master_Read
   548  005E  0872               	movf	?_I2C_Master_Read,w
   549  005F  1283               	bcf	3,5	;RP0=0, select bank0
   550  0060  1303               	bcf	3,6	;RP1=0, select bank0
   551  0061  0085               	movwf	5	;volatile
   552  0062                     l977:
   553                           
   554                           ;main_master.c: 70: 
   555  0062  120A  118A  21E4  120A  118A  	fcall	_I2C_Master_Stop
   556  0067                     l979:
   557                           
   558                           ;main_master.c: 71:     OSCCONbits.IRCF0 = 0;
   559  0067  3002               	movlw	2
   560  0068  1283               	bcf	3,5	;RP0=0, select bank0
   561  0069  1303               	bcf	3,6	;RP1=0, select bank0
   562  006A  00B0               	movwf	??_main+2
   563  006B  3004               	movlw	4
   564  006C  00AF               	movwf	??_main+1
   565  006D  30B9               	movlw	185
   566  006E  00AE               	movwf	??_main
   567  006F                     u307:
   568  006F  0BAE               	decfsz	??_main,f
   569  0070  286F               	goto	u307
   570  0071  0BAF               	decfsz	??_main+1,f
   571  0072  286F               	goto	u307
   572  0073  0BB0               	decfsz	??_main+2,f
   573  0074  286F               	goto	u307
   574  0075  2876               	nop2
   575                           
   576                           ;main_master.c: 74:     OSCCONbits.SCS = 1;
   577  0076  120A  118A  21ED  120A  118A  	fcall	_I2C_Master_Start
   578                           
   579                           ;main_master.c: 75: 
   580  007B  3080               	movlw	128
   581  007C  00F2               	movwf	I2C_Master_Write@d
   582  007D  3000               	movlw	0
   583  007E  00F3               	movwf	I2C_Master_Write@d+1
   584  007F  120A  118A  21DA  120A  118A  	fcall	_I2C_Master_Write
   585                           
   586                           ;main_master.c: 76: 
   587  0084  30F3               	movlw	243
   588  0085  00F2               	movwf	I2C_Master_Write@d
   589  0086  3000               	movlw	0
   590  0087  00F3               	movwf	I2C_Master_Write@d+1
   591  0088  120A  118A  21DA  120A  118A  	fcall	_I2C_Master_Write
   592                           
   593                           ;main_master.c: 77:     I2C_Master_Init(100000);
   594  008D  120A  118A  21E4  120A  118A  	fcall	_I2C_Master_Stop
   595  0092                     l981:
   596                           
   597                           ;main_master.c: 78: }
   598  0092  3002               	movlw	2
   599  0093  1283               	bcf	3,5	;RP0=0, select bank0
   600  0094  1303               	bcf	3,6	;RP1=0, select bank0
   601  0095  00B0               	movwf	??_main+2
   602  0096  3004               	movlw	4
   603  0097  00AF               	movwf	??_main+1
   604  0098  30B9               	movlw	185
   605  0099  00AE               	movwf	??_main
   606  009A                     u317:
   607  009A  0BAE               	decfsz	??_main,f
   608  009B  289A               	goto	u317
   609  009C  0BAF               	decfsz	??_main+1,f
   610  009D  289A               	goto	u317
   611  009E  0BB0               	decfsz	??_main+2,f
   612  009F  289A               	goto	u317
   613  00A0  28A1               	nop2
   614  00A1                     l983:
   615  00A1  120A  118A  21ED  120A  118A  	fcall	_I2C_Master_Start
   616  00A6                     l985:
   617  00A6  3081               	movlw	129
   618  00A7  00F2               	movwf	I2C_Master_Write@d
   619  00A8  3000               	movlw	0
   620  00A9  00F3               	movwf	I2C_Master_Write@d+1
   621  00AA  120A  118A  21DA  120A  118A  	fcall	_I2C_Master_Write
   622  00AF                     l987:
   623  00AF  3000               	movlw	0
   624  00B0  00F2               	movwf	I2C_Master_Read@a
   625  00B1  00F3               	movwf	I2C_Master_Read@a+1
   626  00B2  120A  118A  2173  120A  118A  	fcall	_I2C_Master_Read
   627  00B7  0872               	movf	?_I2C_Master_Read,w
   628  00B8  1283               	bcf	3,5	;RP0=0, select bank0
   629  00B9  1303               	bcf	3,6	;RP1=0, select bank0
   630  00BA  0088               	movwf	8	;volatile
   631  00BB                     l989:
   632  00BB  120A  118A  21E4  120A  118A  	fcall	_I2C_Master_Stop
   633  00C0                     l991:
   634  00C0  3002               	movlw	2
   635  00C1  1283               	bcf	3,5	;RP0=0, select bank0
   636  00C2  1303               	bcf	3,6	;RP1=0, select bank0
   637  00C3  00B0               	movwf	??_main+2
   638  00C4  3004               	movlw	4
   639  00C5  00AF               	movwf	??_main+1
   640  00C6  30B9               	movlw	185
   641  00C7  00AE               	movwf	??_main
   642  00C8                     u327:
   643  00C8  0BAE               	decfsz	??_main,f
   644  00C9  28C8               	goto	u327
   645  00CA  0BAF               	decfsz	??_main+1,f
   646  00CB  28C8               	goto	u327
   647  00CC  0BB0               	decfsz	??_main+2,f
   648  00CD  28C8               	goto	u327
   649  00CE  28CF               	nop2
   650  00CF  281A               	goto	l48
   651  00D0  120A  118A  280C   	ljmp	start
   652  00D3                     __end_of_main:
   653                           
   654                           	psect	text1
   655  01A1                     __ptext1:	
   656 ;; *************** function _setup *****************
   657 ;; Defined at:
   658 ;;		line 91 in file "main_master.c"
   659 ;; Parameters:    Size  Location     Type
   660 ;;		None
   661 ;; Auto vars:     Size  Location     Type
   662 ;;		None
   663 ;; Return value:  Size  Location     Type
   664 ;;                  1    wreg      void 
   665 ;; Registers used:
   666 ;;		wreg, status,2, status,0, pclath, cstack
   667 ;; Tracked objects:
   668 ;;		On entry : 0/0
   669 ;;		On exit  : 0/0
   670 ;;		Unchanged: 0/0
   671 ;; Data sizes:     COMMON   BANK0   BANK1   BANK3   BANK2
   672 ;;      Params:         0       0       0       0       0
   673 ;;      Locals:         0       0       0       0       0
   674 ;;      Temps:          0       0       0       0       0
   675 ;;      Totals:         0       0       0       0       0
   676 ;;Total ram usage:        0 bytes
   677 ;; Hardware stack levels used:    1
   678 ;; Hardware stack levels required when called:    3
   679 ;; This function calls:
   680 ;;		_I2C_Master_Init
   681 ;; This function is called by:
   682 ;;		_main
   683 ;; This function uses a non-reentrant model
   684 ;;
   685                           
   686                           
   687                           ;psect for function _setup
   688  01A1                     _setup:
   689  01A1                     l955:	
   690                           ;incstack = 0
   691                           ; Regs used in _setup: [wreg+status,2+status,0+pclath+cstack]
   692                           
   693  01A1  1683               	bsf	3,5	;RP0=1, select bank3
   694  01A2  1703               	bsf	3,6	;RP1=1, select bank3
   695  01A3  0188               	clrf	8	;volatile
   696  01A4  0189               	clrf	9	;volatile
   697  01A5  1683               	bsf	3,5	;RP0=1, select bank1
   698  01A6  1303               	bcf	3,6	;RP1=0, select bank1
   699  01A7  0185               	clrf	5	;volatile
   700  01A8  0186               	clrf	6	;volatile
   701  01A9  1283               	bcf	3,5	;RP0=0, select bank0
   702  01AA  1303               	bcf	3,6	;RP1=0, select bank0
   703  01AB  0185               	clrf	5	;volatile
   704  01AC  0186               	clrf	6	;volatile
   705  01AD  1683               	bsf	3,5	;RP0=1, select bank1
   706  01AE  1303               	bcf	3,6	;RP1=0, select bank1
   707  01AF  0188               	clrf	8	;volatile
   708  01B0  1283               	bcf	3,5	;RP0=0, select bank0
   709  01B1  1303               	bcf	3,6	;RP1=0, select bank0
   710  01B2  0185               	clrf	5	;volatile
   711  01B3  0186               	clrf	6	;volatile
   712  01B4  0187               	clrf	7	;volatile
   713  01B5  0188               	clrf	8	;volatile
   714  01B6  0189               	clrf	9	;volatile
   715  01B7                     l957:
   716  01B7  1683               	bsf	3,5	;RP0=1, select bank1
   717  01B8  1303               	bcf	3,6	;RP1=0, select bank1
   718  01B9  120F               	bcf	15,4	;volatile
   719  01BA                     l959:
   720  01BA  168F               	bsf	15,5	;volatile
   721  01BB                     l961:
   722  01BB  170F               	bsf	15,6	;volatile
   723  01BC                     l963:
   724  01BC  140F               	bsf	15,0	;volatile
   725  01BD                     l965:
   726  01BD  3000               	movlw	0
   727  01BE  1283               	bcf	3,5	;RP0=0, select bank0
   728  01BF  1303               	bcf	3,6	;RP1=0, select bank0
   729  01C0  00A9               	movwf	I2C_Master_Init@c+3
   730  01C1  3001               	movlw	1
   731  01C2  00A8               	movwf	I2C_Master_Init@c+2
   732  01C3  3086               	movlw	134
   733  01C4  00A7               	movwf	I2C_Master_Init@c+1
   734  01C5  30A0               	movlw	160
   735  01C6  00A6               	movwf	I2C_Master_Init@c
   736  01C7  120A  118A  213B  120A  118A  	fcall	_I2C_Master_Init
   737  01CC                     l54:
   738  01CC  0008               	return
   739  01CD                     __end_of_setup:
   740                           
   741                           	psect	text2
   742  013B                     __ptext2:	
   743 ;; *************** function _I2C_Master_Init *****************
   744 ;; Defined at:
   745 ;;		line 16 in file "I2C.c"
   746 ;; Parameters:    Size  Location     Type
   747 ;;  c               4    6[BANK0 ] const unsigned long 
   748 ;; Auto vars:     Size  Location     Type
   749 ;;		None
   750 ;; Return value:  Size  Location     Type
   751 ;;                  1    wreg      void 
   752 ;; Registers used:
   753 ;;		wreg, status,2, status,0, pclath, cstack
   754 ;; Tracked objects:
   755 ;;		On entry : 0/0
   756 ;;		On exit  : 0/0
   757 ;;		Unchanged: 0/0
   758 ;; Data sizes:     COMMON   BANK0   BANK1   BANK3   BANK2
   759 ;;      Params:         0       4       0       0       0
   760 ;;      Locals:         0       0       0       0       0
   761 ;;      Temps:          0       4       0       0       0
   762 ;;      Totals:         0       8       0       0       0
   763 ;;Total ram usage:        8 bytes
   764 ;; Hardware stack levels used:    1
   765 ;; Hardware stack levels required when called:    2
   766 ;; This function calls:
   767 ;;		___lldiv
   768 ;; This function is called by:
   769 ;;		_setup
   770 ;; This function uses a non-reentrant model
   771 ;;
   772                           
   773                           
   774                           ;psect for function _I2C_Master_Init
   775  013B                     _I2C_Master_Init:
   776  013B                     l943:	
   777                           ;incstack = 0
   778                           ; Regs used in _I2C_Master_Init: [wreg+status,2+status,0+pclath+cstack]
   779                           
   780                           
   781                           ;I2C.c: 16: void I2C_Master_Init(const unsigned long c);I2C.c: 17: {;I2C.c: 18:     SSPC
      +                          ON = 0b00101000;
   782  013B  3028               	movlw	40
   783  013C  1283               	bcf	3,5	;RP0=0, select bank0
   784  013D  1303               	bcf	3,6	;RP1=0, select bank0
   785  013E  0094               	movwf	20	;volatile
   786  013F                     l945:
   787                           
   788                           ;I2C.c: 19:     SSPCON2 = 0;
   789  013F  1683               	bsf	3,5	;RP0=1, select bank1
   790  0140  1303               	bcf	3,6	;RP1=0, select bank1
   791  0141  0191               	clrf	17	;volatile
   792  0142                     l947:
   793                           
   794                           ;I2C.c: 20:     SSPADD = (8000000/(4*c))-1;
   795  0142  1283               	bcf	3,5	;RP0=0, select bank0
   796  0143  1303               	bcf	3,6	;RP1=0, select bank0
   797  0144  0826               	movf	I2C_Master_Init@c,w
   798  0145  00AA               	movwf	??_I2C_Master_Init
   799  0146  0827               	movf	I2C_Master_Init@c+1,w
   800  0147  00AB               	movwf	??_I2C_Master_Init+1
   801  0148  0828               	movf	I2C_Master_Init@c+2,w
   802  0149  00AC               	movwf	??_I2C_Master_Init+2
   803  014A  0829               	movf	I2C_Master_Init@c+3,w
   804  014B  00AD               	movwf	??_I2C_Master_Init+3
   805  014C  3002               	movlw	2
   806  014D                     u285:
   807  014D  1003               	clrc
   808  014E  0DAA               	rlf	??_I2C_Master_Init,f
   809  014F  0DAB               	rlf	??_I2C_Master_Init+1,f
   810  0150  0DAC               	rlf	??_I2C_Master_Init+2,f
   811  0151  0DAD               	rlf	??_I2C_Master_Init+3,f
   812  0152                     u280:
   813  0152  3EFF               	addlw	-1
   814  0153  1D03               	skipz
   815  0154  294D               	goto	u285
   816  0155  082D               	movf	??_I2C_Master_Init+3,w
   817  0156  00F5               	movwf	___lldiv@divisor+3
   818  0157  082C               	movf	??_I2C_Master_Init+2,w
   819  0158  00F4               	movwf	___lldiv@divisor+2
   820  0159  082B               	movf	??_I2C_Master_Init+1,w
   821  015A  00F3               	movwf	___lldiv@divisor+1
   822  015B  082A               	movf	??_I2C_Master_Init,w
   823  015C  00F2               	movwf	___lldiv@divisor
   824  015D  3000               	movlw	0
   825  015E  00F9               	movwf	___lldiv@dividend+3
   826  015F  307A               	movlw	122
   827  0160  00F8               	movwf	___lldiv@dividend+2
   828  0161  3012               	movlw	18
   829  0162  00F7               	movwf	___lldiv@dividend+1
   830  0163  3000               	movlw	0
   831  0164  00F6               	movwf	___lldiv@dividend
   832  0165  120A  118A  20D3  120A  118A  	fcall	___lldiv
   833  016A  0872               	movf	?___lldiv,w
   834  016B  3EFF               	addlw	255
   835  016C  1683               	bsf	3,5	;RP0=1, select bank1
   836  016D  1303               	bcf	3,6	;RP1=0, select bank1
   837  016E  0093               	movwf	19	;volatile
   838  016F                     l949:
   839                           
   840                           ;I2C.c: 21:     SSPSTAT = 0;
   841  016F  0194               	clrf	20	;volatile
   842  0170                     l951:
   843                           
   844                           ;I2C.c: 22:     TRISCbits.TRISC3 = 1;
   845  0170  1587               	bsf	7,3	;volatile
   846  0171                     l953:
   847                           
   848                           ;I2C.c: 23:     TRISCbits.TRISC4 = 1;
   849  0171  1607               	bsf	7,4	;volatile
   850  0172                     l83:
   851  0172  0008               	return
   852  0173                     __end_of_I2C_Master_Init:
   853                           
   854                           	psect	text3
   855  00D3                     __ptext3:	
   856 ;; *************** function ___lldiv *****************
   857 ;; Defined at:
   858 ;;		line 5 in file "C:\Program Files\Microchip\xc8\v2.31\pic\sources\c90\common\__lldiv.c"
   859 ;; Parameters:    Size  Location     Type
   860 ;;  divisor         4    2[COMMON] unsigned long 
   861 ;;  dividend        4    6[COMMON] unsigned long 
   862 ;; Auto vars:     Size  Location     Type
   863 ;;  quotient        4    1[BANK0 ] unsigned long 
   864 ;;  counter         1    5[BANK0 ] unsigned char 
   865 ;; Return value:  Size  Location     Type
   866 ;;                  4    2[COMMON] unsigned long 
   867 ;; Registers used:
   868 ;;		wreg, status,2, status,0
   869 ;; Tracked objects:
   870 ;;		On entry : 0/0
   871 ;;		On exit  : 0/0
   872 ;;		Unchanged: 0/0
   873 ;; Data sizes:     COMMON   BANK0   BANK1   BANK3   BANK2
   874 ;;      Params:         8       0       0       0       0
   875 ;;      Locals:         0       5       0       0       0
   876 ;;      Temps:          0       1       0       0       0
   877 ;;      Totals:         8       6       0       0       0
   878 ;;Total ram usage:       14 bytes
   879 ;; Hardware stack levels used:    1
   880 ;; Hardware stack levels required when called:    1
   881 ;; This function calls:
   882 ;;		Nothing
   883 ;; This function is called by:
   884 ;;		_I2C_Master_Init
   885 ;; This function uses a non-reentrant model
   886 ;;
   887                           
   888                           
   889                           ;psect for function ___lldiv
   890  00D3                     ___lldiv:
   891  00D3                     l919:	
   892                           ;incstack = 0
   893                           ; Regs used in ___lldiv: [wreg+status,2+status,0]
   894                           
   895  00D3  3000               	movlw	0
   896  00D4  1283               	bcf	3,5	;RP0=0, select bank0
   897  00D5  1303               	bcf	3,6	;RP1=0, select bank0
   898  00D6  00A4               	movwf	___lldiv@quotient+3
   899  00D7  3000               	movlw	0
   900  00D8  00A3               	movwf	___lldiv@quotient+2
   901  00D9  3000               	movlw	0
   902  00DA  00A2               	movwf	___lldiv@quotient+1
   903  00DB  3000               	movlw	0
   904  00DC  00A1               	movwf	___lldiv@quotient
   905  00DD  0875               	movf	___lldiv@divisor+3,w
   906  00DE  0474               	iorwf	___lldiv@divisor+2,w
   907  00DF  0473               	iorwf	___lldiv@divisor+1,w
   908  00E0  0472               	iorwf	___lldiv@divisor,w
   909  00E1  1903               	skipnz
   910  00E2  28E4               	goto	u211
   911  00E3  28E5               	goto	u210
   912  00E4                     u211:
   913  00E4  2932               	goto	l939
   914  00E5                     u210:
   915  00E5                     l921:
   916  00E5  01A5               	clrf	___lldiv@counter
   917  00E6  0AA5               	incf	___lldiv@counter,f
   918  00E7  28F5               	goto	l925
   919  00E8                     l923:
   920  00E8  3001               	movlw	1
   921  00E9  00A0               	movwf	??___lldiv
   922  00EA                     u225:
   923  00EA  1003               	clrc
   924  00EB  0DF2               	rlf	___lldiv@divisor,f
   925  00EC  0DF3               	rlf	___lldiv@divisor+1,f
   926  00ED  0DF4               	rlf	___lldiv@divisor+2,f
   927  00EE  0DF5               	rlf	___lldiv@divisor+3,f
   928  00EF  0BA0               	decfsz	??___lldiv,f
   929  00F0  28EA               	goto	u225
   930  00F1  3001               	movlw	1
   931  00F2  00A0               	movwf	??___lldiv
   932  00F3  0820               	movf	??___lldiv,w
   933  00F4  07A5               	addwf	___lldiv@counter,f
   934  00F5                     l925:
   935  00F5  1FF5               	btfss	___lldiv@divisor+3,7
   936  00F6  28F8               	goto	u231
   937  00F7  28F9               	goto	u230
   938  00F8                     u231:
   939  00F8  28E8               	goto	l923
   940  00F9                     u230:
   941  00F9                     l927:
   942  00F9  3001               	movlw	1
   943  00FA  00A0               	movwf	??___lldiv
   944  00FB                     u245:
   945  00FB  1003               	clrc
   946  00FC  0DA1               	rlf	___lldiv@quotient,f
   947  00FD  0DA2               	rlf	___lldiv@quotient+1,f
   948  00FE  0DA3               	rlf	___lldiv@quotient+2,f
   949  00FF  0DA4               	rlf	___lldiv@quotient+3,f
   950  0100  0BA0               	decfsz	??___lldiv,f
   951  0101  28FB               	goto	u245
   952  0102                     l929:
   953  0102  0875               	movf	___lldiv@divisor+3,w
   954  0103  0279               	subwf	___lldiv@dividend+3,w
   955  0104  1D03               	skipz
   956  0105  2910               	goto	u255
   957  0106  0874               	movf	___lldiv@divisor+2,w
   958  0107  0278               	subwf	___lldiv@dividend+2,w
   959  0108  1D03               	skipz
   960  0109  2910               	goto	u255
   961  010A  0873               	movf	___lldiv@divisor+1,w
   962  010B  0277               	subwf	___lldiv@dividend+1,w
   963  010C  1D03               	skipz
   964  010D  2910               	goto	u255
   965  010E  0872               	movf	___lldiv@divisor,w
   966  010F  0276               	subwf	___lldiv@dividend,w
   967  0110                     u255:
   968  0110  1C03               	skipc
   969  0111  2913               	goto	u251
   970  0112  2914               	goto	u250
   971  0113                     u251:
   972  0113  2923               	goto	l935
   973  0114                     u250:
   974  0114                     l931:
   975  0114  0872               	movf	___lldiv@divisor,w
   976  0115  02F6               	subwf	___lldiv@dividend,f
   977  0116  0873               	movf	___lldiv@divisor+1,w
   978  0117  1C03               	skipc
   979  0118  0F73               	incfsz	___lldiv@divisor+1,w
   980  0119  02F7               	subwf	___lldiv@dividend+1,f
   981  011A  0874               	movf	___lldiv@divisor+2,w
   982  011B  1C03               	skipc
   983  011C  0F74               	incfsz	___lldiv@divisor+2,w
   984  011D  02F8               	subwf	___lldiv@dividend+2,f
   985  011E  0875               	movf	___lldiv@divisor+3,w
   986  011F  1C03               	skipc
   987  0120  0F75               	incfsz	___lldiv@divisor+3,w
   988  0121  02F9               	subwf	___lldiv@dividend+3,f
   989  0122                     l933:
   990  0122  1421               	bsf	___lldiv@quotient,0
   991  0123                     l935:
   992  0123  3001               	movlw	1
   993  0124                     u265:
   994  0124  1003               	clrc
   995  0125  0CF5               	rrf	___lldiv@divisor+3,f
   996  0126  0CF4               	rrf	___lldiv@divisor+2,f
   997  0127  0CF3               	rrf	___lldiv@divisor+1,f
   998  0128  0CF2               	rrf	___lldiv@divisor,f
   999  0129  3EFF               	addlw	-1
  1000  012A  1D03               	skipz
  1001  012B  2924               	goto	u265
  1002  012C                     l937:
  1003  012C  3001               	movlw	1
  1004  012D  02A5               	subwf	___lldiv@counter,f
  1005  012E  1D03               	btfss	3,2
  1006  012F  2931               	goto	u271
  1007  0130  2932               	goto	u270
  1008  0131                     u271:
  1009  0131  28F9               	goto	l927
  1010  0132                     u270:
  1011  0132                     l939:
  1012  0132  0824               	movf	___lldiv@quotient+3,w
  1013  0133  00F5               	movwf	?___lldiv+3
  1014  0134  0823               	movf	___lldiv@quotient+2,w
  1015  0135  00F4               	movwf	?___lldiv+2
  1016  0136  0822               	movf	___lldiv@quotient+1,w
  1017  0137  00F3               	movwf	?___lldiv+1
  1018  0138  0821               	movf	___lldiv@quotient,w
  1019  0139  00F2               	movwf	?___lldiv
  1020  013A                     l231:
  1021  013A  0008               	return
  1022  013B                     __end_of___lldiv:
  1023                           
  1024                           	psect	text4
  1025  01DA                     __ptext4:	
  1026 ;; *************** function _I2C_Master_Write *****************
  1027 ;; Defined at:
  1028 ;;		line 65 in file "I2C.c"
  1029 ;; Parameters:    Size  Location     Type
  1030 ;;  d               2    2[COMMON] unsigned int 
  1031 ;; Auto vars:     Size  Location     Type
  1032 ;;		None
  1033 ;; Return value:  Size  Location     Type
  1034 ;;                  1    wreg      void 
  1035 ;; Registers used:
  1036 ;;		wreg, status,2, status,0, pclath, cstack
  1037 ;; Tracked objects:
  1038 ;;		On entry : 0/0
  1039 ;;		On exit  : 0/0
  1040 ;;		Unchanged: 0/0
  1041 ;; Data sizes:     COMMON   BANK0   BANK1   BANK3   BANK2
  1042 ;;      Params:         2       0       0       0       0
  1043 ;;      Locals:         0       0       0       0       0
  1044 ;;      Temps:          0       0       0       0       0
  1045 ;;      Totals:         2       0       0       0       0
  1046 ;;Total ram usage:        2 bytes
  1047 ;; Hardware stack levels used:    1
  1048 ;; Hardware stack levels required when called:    2
  1049 ;; This function calls:
  1050 ;;		_I2C_Master_Wait
  1051 ;; This function is called by:
  1052 ;;		_main
  1053 ;; This function uses a non-reentrant model
  1054 ;;
  1055                           
  1056                           
  1057                           ;psect for function _I2C_Master_Write
  1058  01DA                     _I2C_Master_Write:
  1059  01DA                     l873:	
  1060                           ;incstack = 0
  1061                           ; Regs used in _I2C_Master_Write: [wreg+status,2+status,0+pclath+cstack]
  1062                           
  1063                           
  1064                           ;I2C.c: 65: void I2C_Master_Write(unsigned d);I2C.c: 66: {;I2C.c: 67:     I2C_Master_Wai
      +                          t();
  1065  01DA  120A  118A  21CD  120A  118A  	fcall	_I2C_Master_Wait
  1066  01DF                     l875:
  1067                           
  1068                           ;I2C.c: 68:     SSPBUF = d;
  1069  01DF  0872               	movf	I2C_Master_Write@d,w
  1070  01E0  1283               	bcf	3,5	;RP0=0, select bank0
  1071  01E1  1303               	bcf	3,6	;RP1=0, select bank0
  1072  01E2  0093               	movwf	19	;volatile
  1073  01E3                     l101:
  1074  01E3  0008               	return
  1075  01E4                     __end_of_I2C_Master_Write:
  1076                           
  1077                           	psect	text5
  1078  01E4                     __ptext5:	
  1079 ;; *************** function _I2C_Master_Stop *****************
  1080 ;; Defined at:
  1081 ;;		line 55 in file "I2C.c"
  1082 ;; Parameters:    Size  Location     Type
  1083 ;;		None
  1084 ;; Auto vars:     Size  Location     Type
  1085 ;;		None
  1086 ;; Return value:  Size  Location     Type
  1087 ;;                  1    wreg      void 
  1088 ;; Registers used:
  1089 ;;		wreg, status,2, status,0, pclath, cstack
  1090 ;; Tracked objects:
  1091 ;;		On entry : 0/0
  1092 ;;		On exit  : 0/0
  1093 ;;		Unchanged: 0/0
  1094 ;; Data sizes:     COMMON   BANK0   BANK1   BANK3   BANK2
  1095 ;;      Params:         0       0       0       0       0
  1096 ;;      Locals:         0       0       0       0       0
  1097 ;;      Temps:          0       0       0       0       0
  1098 ;;      Totals:         0       0       0       0       0
  1099 ;;Total ram usage:        0 bytes
  1100 ;; Hardware stack levels used:    1
  1101 ;; Hardware stack levels required when called:    2
  1102 ;; This function calls:
  1103 ;;		_I2C_Master_Wait
  1104 ;; This function is called by:
  1105 ;;		_main
  1106 ;; This function uses a non-reentrant model
  1107 ;;
  1108                           
  1109                           
  1110                           ;psect for function _I2C_Master_Stop
  1111  01E4                     _I2C_Master_Stop:
  1112  01E4                     l777:	
  1113                           ;incstack = 0
  1114                           ; Regs used in _I2C_Master_Stop: [wreg+status,2+status,0+pclath+cstack]
  1115                           
  1116                           
  1117                           ;I2C.c: 57:     I2C_Master_Wait();
  1118  01E4  120A  118A  21CD  120A  118A  	fcall	_I2C_Master_Wait
  1119  01E9                     l779:
  1120                           
  1121                           ;I2C.c: 58:     SSPCON2bits.PEN = 1;
  1122  01E9  1683               	bsf	3,5	;RP0=1, select bank1
  1123  01EA  1303               	bcf	3,6	;RP1=0, select bank1
  1124  01EB  1511               	bsf	17,2	;volatile
  1125  01EC                     l98:
  1126  01EC  0008               	return
  1127  01ED                     __end_of_I2C_Master_Stop:
  1128                           
  1129                           	psect	text6
  1130  01ED                     __ptext6:	
  1131 ;; *************** function _I2C_Master_Start *****************
  1132 ;; Defined at:
  1133 ;;		line 39 in file "I2C.c"
  1134 ;; Parameters:    Size  Location     Type
  1135 ;;		None
  1136 ;; Auto vars:     Size  Location     Type
  1137 ;;		None
  1138 ;; Return value:  Size  Location     Type
  1139 ;;                  1    wreg      void 
  1140 ;; Registers used:
  1141 ;;		wreg, status,2, status,0, pclath, cstack
  1142 ;; Tracked objects:
  1143 ;;		On entry : 0/0
  1144 ;;		On exit  : 0/0
  1145 ;;		Unchanged: 0/0
  1146 ;; Data sizes:     COMMON   BANK0   BANK1   BANK3   BANK2
  1147 ;;      Params:         0       0       0       0       0
  1148 ;;      Locals:         0       0       0       0       0
  1149 ;;      Temps:          0       0       0       0       0
  1150 ;;      Totals:         0       0       0       0       0
  1151 ;;Total ram usage:        0 bytes
  1152 ;; Hardware stack levels used:    1
  1153 ;; Hardware stack levels required when called:    2
  1154 ;; This function calls:
  1155 ;;		_I2C_Master_Wait
  1156 ;; This function is called by:
  1157 ;;		_main
  1158 ;; This function uses a non-reentrant model
  1159 ;;
  1160                           
  1161                           
  1162                           ;psect for function _I2C_Master_Start
  1163  01ED                     _I2C_Master_Start:
  1164  01ED                     l753:	
  1165                           ;incstack = 0
  1166                           ; Regs used in _I2C_Master_Start: [wreg+status,2+status,0+pclath+cstack]
  1167                           
  1168                           
  1169                           ;I2C.c: 41:     I2C_Master_Wait();
  1170  01ED  120A  118A  21CD  120A  118A  	fcall	_I2C_Master_Wait
  1171  01F2                     l755:
  1172                           
  1173                           ;I2C.c: 42:     SSPCON2bits.SEN = 1;
  1174  01F2  1683               	bsf	3,5	;RP0=1, select bank1
  1175  01F3  1303               	bcf	3,6	;RP1=0, select bank1
  1176  01F4  1411               	bsf	17,0	;volatile
  1177  01F5                     l92:
  1178  01F5  0008               	return
  1179  01F6                     __end_of_I2C_Master_Start:
  1180                           
  1181                           	psect	text7
  1182  0173                     __ptext7:	
  1183 ;; *************** function _I2C_Master_Read *****************
  1184 ;; Defined at:
  1185 ;;		line 74 in file "I2C.c"
  1186 ;; Parameters:    Size  Location     Type
  1187 ;;  a               2    2[COMMON] unsigned short 
  1188 ;; Auto vars:     Size  Location     Type
  1189 ;;  temp            2    6[COMMON] unsigned short 
  1190 ;; Return value:  Size  Location     Type
  1191 ;;                  2    2[COMMON] unsigned short 
  1192 ;; Registers used:
  1193 ;;		wreg, status,2, status,0, pclath, cstack
  1194 ;; Tracked objects:
  1195 ;;		On entry : 0/0
  1196 ;;		On exit  : 0/0
  1197 ;;		Unchanged: 0/0
  1198 ;; Data sizes:     COMMON   BANK0   BANK1   BANK3   BANK2
  1199 ;;      Params:         2       0       0       0       0
  1200 ;;      Locals:         2       0       0       0       0
  1201 ;;      Temps:          2       0       0       0       0
  1202 ;;      Totals:         6       0       0       0       0
  1203 ;;Total ram usage:        6 bytes
  1204 ;; Hardware stack levels used:    1
  1205 ;; Hardware stack levels required when called:    2
  1206 ;; This function calls:
  1207 ;;		_I2C_Master_Wait
  1208 ;; This function is called by:
  1209 ;;		_main
  1210 ;; This function uses a non-reentrant model
  1211 ;;
  1212                           
  1213                           
  1214                           ;psect for function _I2C_Master_Read
  1215  0173                     _I2C_Master_Read:
  1216  0173                     l877:	
  1217                           ;incstack = 0
  1218                           ; Regs used in _I2C_Master_Read: [wreg+status,2+status,0+pclath+cstack]
  1219                           
  1220                           
  1221                           ;I2C.c: 74: unsigned short I2C_Master_Read(unsigned short a);I2C.c: 75: {;I2C.c: 76:    
      +                           unsigned short temp;;I2C.c: 77:     I2C_Master_Wait();
  1222  0173  120A  118A  21CD  120A  118A  	fcall	_I2C_Master_Wait
  1223  0178                     l879:
  1224                           
  1225                           ;I2C.c: 78:     SSPCON2bits.RCEN = 1;
  1226  0178  1683               	bsf	3,5	;RP0=1, select bank1
  1227  0179  1303               	bcf	3,6	;RP1=0, select bank1
  1228  017A  1591               	bsf	17,3	;volatile
  1229                           
  1230                           ;I2C.c: 79:     I2C_Master_Wait();
  1231  017B  120A  118A  21CD  120A  118A  	fcall	_I2C_Master_Wait
  1232  0180                     l881:
  1233                           
  1234                           ;I2C.c: 80:     temp = SSPBUF;
  1235  0180  1283               	bcf	3,5	;RP0=0, select bank0
  1236  0181  1303               	bcf	3,6	;RP1=0, select bank0
  1237  0182  0813               	movf	19,w	;volatile
  1238  0183  00F4               	movwf	??_I2C_Master_Read
  1239  0184  01F5               	clrf	??_I2C_Master_Read+1
  1240  0185  0874               	movf	??_I2C_Master_Read,w
  1241  0186  00F6               	movwf	I2C_Master_Read@temp
  1242  0187  0875               	movf	??_I2C_Master_Read+1,w
  1243  0188  00F7               	movwf	I2C_Master_Read@temp+1
  1244  0189                     l883:
  1245                           
  1246                           ;I2C.c: 81:     I2C_Master_Wait();
  1247  0189  120A  118A  21CD  120A  118A  	fcall	_I2C_Master_Wait
  1248  018E                     l885:
  1249                           
  1250                           ;I2C.c: 82:     if(a == 1){
  1251  018E  0372               	decf	I2C_Master_Read@a,w
  1252  018F  0473               	iorwf	I2C_Master_Read@a+1,w
  1253  0190  1D03               	btfss	3,2
  1254  0191  2993               	goto	u201
  1255  0192  2994               	goto	u200
  1256  0193                     u201:
  1257  0193  2998               	goto	l104
  1258  0194                     u200:
  1259  0194                     l887:
  1260                           
  1261                           ;I2C.c: 83:         SSPCON2bits.ACKDT = 0;
  1262  0194  1683               	bsf	3,5	;RP0=1, select bank1
  1263  0195  1303               	bcf	3,6	;RP1=0, select bank1
  1264  0196  1291               	bcf	17,5	;volatile
  1265                           
  1266                           ;I2C.c: 84:     }else{
  1267  0197  299B               	goto	l105
  1268  0198                     l104:
  1269                           
  1270                           ;I2C.c: 85:         SSPCON2bits.ACKDT = 1;
  1271  0198  1683               	bsf	3,5	;RP0=1, select bank1
  1272  0199  1303               	bcf	3,6	;RP1=0, select bank1
  1273  019A  1691               	bsf	17,5	;volatile
  1274  019B                     l105:	
  1275                           ;I2C.c: 86:     }
  1276                           
  1277                           
  1278                           ;I2C.c: 87:     SSPCON2bits.ACKEN = 1;
  1279  019B  1611               	bsf	17,4	;volatile
  1280  019C                     l889:
  1281                           
  1282                           ;I2C.c: 88:     return temp;
  1283  019C  0877               	movf	I2C_Master_Read@temp+1,w
  1284  019D  00F3               	movwf	?_I2C_Master_Read+1
  1285  019E  0876               	movf	I2C_Master_Read@temp,w
  1286  019F  00F2               	movwf	?_I2C_Master_Read
  1287  01A0                     l106:
  1288  01A0  0008               	return
  1289  01A1                     __end_of_I2C_Master_Read:
  1290                           
  1291                           	psect	text8
  1292  01CD                     __ptext8:	
  1293 ;; *************** function _I2C_Master_Wait *****************
  1294 ;; Defined at:
  1295 ;;		line 32 in file "I2C.c"
  1296 ;; Parameters:    Size  Location     Type
  1297 ;;		None
  1298 ;; Auto vars:     Size  Location     Type
  1299 ;;		None
  1300 ;; Return value:  Size  Location     Type
  1301 ;;                  1    wreg      void 
  1302 ;; Registers used:
  1303 ;;		wreg, status,2
  1304 ;; Tracked objects:
  1305 ;;		On entry : 0/0
  1306 ;;		On exit  : 0/0
  1307 ;;		Unchanged: 0/0
  1308 ;; Data sizes:     COMMON   BANK0   BANK1   BANK3   BANK2
  1309 ;;      Params:         0       0       0       0       0
  1310 ;;      Locals:         0       0       0       0       0
  1311 ;;      Temps:          0       0       0       0       0
  1312 ;;      Totals:         0       0       0       0       0
  1313 ;;Total ram usage:        0 bytes
  1314 ;; Hardware stack levels used:    1
  1315 ;; Hardware stack levels required when called:    1
  1316 ;; This function calls:
  1317 ;;		Nothing
  1318 ;; This function is called by:
  1319 ;;		_I2C_Master_Start
  1320 ;;		_I2C_Master_Stop
  1321 ;;		_I2C_Master_Write
  1322 ;;		_I2C_Master_Read
  1323 ;;		_I2C_Master_RepeatedStart
  1324 ;; This function uses a non-reentrant model
  1325 ;;
  1326                           
  1327                           
  1328                           ;psect for function _I2C_Master_Wait
  1329  01CD                     _I2C_Master_Wait:
  1330  01CD                     l737:	
  1331                           ;incstack = 0
  1332                           ; Regs used in _I2C_Master_Wait: [wreg+status,2]
  1333                           
  1334  01CD                     l86:	
  1335                           ;I2C.c: 34:     while ((SSPSTAT & 0x04) || (SSPCON2 & 0x1F));
  1336                           
  1337  01CD  1683               	bsf	3,5	;RP0=1, select bank1
  1338  01CE  1303               	bcf	3,6	;RP1=0, select bank1
  1339  01CF  1914               	btfsc	20,2	;volatile
  1340  01D0  29D2               	goto	u91
  1341  01D1  29D3               	goto	u90
  1342  01D2                     u91:
  1343  01D2  29CD               	goto	l86
  1344  01D3                     u90:
  1345  01D3                     l739:
  1346  01D3  0811               	movf	17,w	;volatile
  1347  01D4  391F               	andlw	31
  1348  01D5  1D03               	btfss	3,2
  1349  01D6  29D8               	goto	u101
  1350  01D7  29D9               	goto	u100
  1351  01D8                     u101:
  1352  01D8  29CD               	goto	l86
  1353  01D9                     u100:
  1354  01D9                     l89:
  1355  01D9  0008               	return
  1356  01DA                     __end_of_I2C_Master_Wait:
  1357                           
  1358                           	psect	text9
  1359  01F6                     __ptext9:	
  1360 ;; *************** function _isr *****************
  1361 ;; Defined at:
  1362 ;;		line 45 in file "main_master.c"
  1363 ;; Parameters:    Size  Location     Type
  1364 ;;		None
  1365 ;; Auto vars:     Size  Location     Type
  1366 ;;		None
  1367 ;; Return value:  Size  Location     Type
  1368 ;;                  1    wreg      void 
  1369 ;; Registers used:
  1370 ;;		None
  1371 ;; Tracked objects:
  1372 ;;		On entry : 0/0
  1373 ;;		On exit  : 0/0
  1374 ;;		Unchanged: 0/0
  1375 ;; Data sizes:     COMMON   BANK0   BANK1   BANK3   BANK2
  1376 ;;      Params:         0       0       0       0       0
  1377 ;;      Locals:         0       0       0       0       0
  1378 ;;      Temps:          2       0       0       0       0
  1379 ;;      Totals:         2       0       0       0       0
  1380 ;;Total ram usage:        2 bytes
  1381 ;; Hardware stack levels used:    1
  1382 ;; This function calls:
  1383 ;;		Nothing
  1384 ;; This function is called by:
  1385 ;;		Interrupt level 1
  1386 ;; This function uses a non-reentrant model
  1387 ;;
  1388                           
  1389                           
  1390                           ;psect for function _isr
  1391  01F6                     _isr:
  1392  01F6                     i1l43:
  1393  01F6  0871               	movf	??_isr+1,w
  1394  01F7  008A               	movwf	10
  1395  01F8  0E70               	swapf	??_isr,w
  1396  01F9  0083               	movwf	3
  1397  01FA  0EFE               	swapf	btemp,f
  1398  01FB  0E7E               	swapf	btemp,w
  1399  01FC  0009               	retfie
  1400  01FD                     __end_of_isr:
  1401  007E                     btemp	set	126	;btemp
  1402  007E                     wtemp0	set	126
  1403                           
  1404                           	psect	intentry
  1405  0004                     __pintentry:	
  1406                           ;incstack = 0
  1407                           ; Regs used in _isr: []
  1408                           
  1409  0004                     interrupt_function:
  1410  007E                     saved_w	set	btemp
  1411  0004  00FE               	movwf	btemp
  1412  0005  0E03               	swapf	3,w
  1413  0006  00F0               	movwf	??_isr
  1414  0007  080A               	movf	10,w
  1415  0008  00F1               	movwf	??_isr+1
  1416  0009  120A  118A  29F6   	ljmp	_isr
  1417                           
  1418                           	psect	config
  1419                           
  1420                           ;Config register CONFIG1 @ 0x2007
  1421                           ;	Oscillator Selection bits
  1422                           ;	FOSC = INTRC_NOCLKOUT, INTOSCIO oscillator: I/O function on RA6/OSC2/CLKOUT pin, I/O f
      +                          unction on RA7/OSC1/CLKIN
  1423                           ;	Watchdog Timer Enable bit
  1424                           ;	WDTE = OFF, WDT disabled and can be enabled by SWDTEN bit of the WDTCON register
  1425                           ;	Power-up Timer Enable bit
  1426                           ;	PWRTE = OFF, PWRT disabled
  1427                           ;	RE3/MCLR pin function select bit
  1428                           ;	MCLRE = OFF, RE3/MCLR pin function is digital input, MCLR internally tied to VDD
  1429                           ;	Code Protection bit
  1430                           ;	CP = OFF, Program memory code protection is disabled
  1431                           ;	Data Code Protection bit
  1432                           ;	CPD = OFF, Data memory code protection is disabled
  1433                           ;	Brown Out Reset Selection bits
  1434                           ;	BOREN = OFF, BOR disabled
  1435                           ;	Internal External Switchover bit
  1436                           ;	IESO = OFF, Internal/External Switchover mode is disabled
  1437                           ;	Fail-Safe Clock Monitor Enabled bit
  1438                           ;	FCMEN = OFF, Fail-Safe Clock Monitor is disabled
  1439                           ;	Low Voltage Programming Enable bit
  1440                           ;	LVP = OFF, RB3 pin has digital I/O, HV on MCLR must be used for programming
  1441                           ;	In-Circuit Debugger Mode bit
  1442                           ;	DEBUG = 0x1, unprogrammed default
  1443  2007                     	org	8199
  1444  2007  20D4               	dw	8404
  1445                           
  1446                           ;Config register CONFIG2 @ 0x2008
  1447                           ;	Brown-out Reset Selection bit
  1448                           ;	BOR4V = BOR40V, Brown-out Reset set to 4.0V
  1449                           ;	Flash Program Memory Self Write Enable bits
  1450                           ;	WRT = OFF, Write protection off
  1451  2008                     	org	8200
  1452  2008  3FFF               	dw	16383

Data Sizes:
    Strings     0
    Constant    0
    Data        0
    BSS         2
    Persistent  0
    Stack       0

Auto Spaces:
    Space          Size  Autos    Used
    COMMON           14     10      12
    BANK0            80     17      17
    BANK1            80      0       0
    BANK3            96      0       0
    BANK2            96      0       0

Pointer List with Targets:

    None.

Critical Paths under _main in COMMON

    _I2C_Master_Init->___lldiv

Critical Paths under _isr in COMMON

    None.

Critical Paths under _main in BANK0

    _setup->_I2C_Master_Init
    _I2C_Master_Init->___lldiv

Critical Paths under _isr in BANK0

    None.

Critical Paths under _main in BANK1

    None.

Critical Paths under _isr in BANK1

    None.

Critical Paths under _main in BANK3

    None.

Critical Paths under _isr in BANK3

    None.

Critical Paths under _main in BANK2

    None.

Critical Paths under _isr in BANK2

    None.

Call Graph Tables:

 ---------------------------------------------------------------------------------
 (Depth) Function   	        Calls       Base Space   Used Autos Params    Refs
 ---------------------------------------------------------------------------------
 (0) _main                                                 3     3      0    1217
                                             14 BANK0      3     3      0
                    _I2C_Master_Read
                   _I2C_Master_Start
                    _I2C_Master_Stop
                   _I2C_Master_Write
                              _setup
 ---------------------------------------------------------------------------------
 (1) _setup                                                0     0      0     542
                    _I2C_Master_Init
 ---------------------------------------------------------------------------------
 (2) _I2C_Master_Init                                      8     4      4     542
                                              6 BANK0      8     4      4
                            ___lldiv
 ---------------------------------------------------------------------------------
 (3) ___lldiv                                             14     6      8     421
                                              2 COMMON     8     0      8
                                              0 BANK0      6     6      0
 ---------------------------------------------------------------------------------
 (1) _I2C_Master_Write                                     2     0      2     402
                                              2 COMMON     2     0      2
                    _I2C_Master_Wait
 ---------------------------------------------------------------------------------
 (1) _I2C_Master_Stop                                      0     0      0       0
                    _I2C_Master_Wait
 ---------------------------------------------------------------------------------
 (1) _I2C_Master_Start                                     0     0      0       0
                    _I2C_Master_Wait
 ---------------------------------------------------------------------------------
 (1) _I2C_Master_Read                                      6     4      2     273
                                              2 COMMON     6     4      2
                    _I2C_Master_Wait
 ---------------------------------------------------------------------------------
 (2) _I2C_Master_Wait                                      0     0      0       0
 ---------------------------------------------------------------------------------
 Estimated maximum stack depth 3
 ---------------------------------------------------------------------------------
 (Depth) Function   	        Calls       Base Space   Used Autos Params    Refs
 ---------------------------------------------------------------------------------
 (4) _isr                                                  2     2      0       0
                                              0 COMMON     2     2      0
 ---------------------------------------------------------------------------------
 Estimated maximum stack depth 4
 ---------------------------------------------------------------------------------

 Call Graph Graphs:

 _main (ROOT)
   _I2C_Master_Read
     _I2C_Master_Wait
   _I2C_Master_Start
     _I2C_Master_Wait
   _I2C_Master_Stop
     _I2C_Master_Wait
   _I2C_Master_Write
     _I2C_Master_Wait
   _setup
     _I2C_Master_Init
       ___lldiv

 _isr (ROOT)

 Address spaces:
Name               Size   Autos  Total    Cost      Usage
BITCOMMON            E      0       0       0        0.0%
EEDATA             100      0       0       0        0.0%
NULL                 0      0       0       0        0.0%
CODE                 0      0       0       0        0.0%
COMMON               E      A       C       1       85.7%
BITSFR0              0      0       0       1        0.0%
SFR0                 0      0       0       1        0.0%
BITSFR1              0      0       0       2        0.0%
SFR1                 0      0       0       2        0.0%
STACK                0      0       0       2        0.0%
ABS                  0      0      1D       3        0.0%
BITBANK0            50      0       0       4        0.0%
BITSFR3              0      0       0       4        0.0%
SFR3                 0      0       0       4        0.0%
BANK0               50     11      11       5       21.2%
BITSFR2              0      0       0       5        0.0%
SFR2                 0      0       0       5        0.0%
BITBANK1            50      0       0       6        0.0%
BANK1               50      0       0       7        0.0%
BITBANK3            60      0       0       8        0.0%
BANK3               60      0       0       9        0.0%
BITBANK2            60      0       0      10        0.0%
BANK2               60      0       0      11        0.0%
DATA                 0      0      1D      12        0.0%


Microchip Technology PIC Macro Assembler V2.31 build 20201012212115 
Symbol Table                                                                                   Mon Aug 09 20:27:17 2021

                       l54 01CC                         l48 001A                         l83 0172  
                       l92 01F5                         l86 01CD                         l89 01D9  
                       l98 01EC                         u90 01D3                         u91 01D2  
                      l101 01E3                        l104 0198                        l105 019B  
                      l106 01A0                        l231 013A                        l737 01CD  
                      l753 01ED                        l921 00E5                        l739 01D3  
                      l755 01F2                        l931 0114                        l923 00E8  
                      l933 0122                        l925 00F5                        l935 0123  
                      l927 00F9                        l919 00D3                        l951 0170  
                      l943 013B                        l881 0180                        l777 01E4  
                      l873 01DA                        l937 012C                        l929 0102  
                      l953 0171                        l945 013F                        l961 01BB  
                      l883 0189                        l779 01E9                        l875 01DF  
                      l939 0132                        l947 0142                        l963 01BC  
                      l955 01A1                        l971 0048                        l885 018E  
                      l877 0173                        l949 016F                        l965 01BD  
                      l957 01B7                        l981 0092                        l973 004D  
                      l887 0194                        l879 0178                        l959 01BA  
                      l991 00C0                        l983 00A1                        l975 0056  
                      l967 0015                        l889 019C                        l985 00A6  
                      l977 0062                        l969 0039                        l987 00AF  
                      l979 0067                        _GIE 005F                        l989 00BB  
                      u100 01D9                        u101 01D8                        u200 0194  
                      u201 0193                        u210 00E5                        u211 00E4  
                      u230 00F9                        u231 00F8                        u225 00EA  
                      u250 0114                        u251 0113                        u307 006F  
                      u245 00FB                        u317 009A                        u270 0132  
                      u271 0131                        u255 0110                        u327 00C8  
                      u280 0152                        u265 0124                        u285 014D  
                      u297 0041                        _isr 01F6                       ?_isr 0070  
                     _PEIE 005E                       i1l43 01F6                       _main 0015  
                     _full 007A                       btemp 007E                       start 000C  
                    ??_isr 0070           ?_I2C_Master_Init 0026           ?_I2C_Master_Read 0072  
         ?_I2C_Master_Wait 0070           ?_I2C_Master_Stop 0070                      ?_main 0070  
                    _ANSEL 0188            __end_of___lldiv 013B                      _PORTA 0005  
                    _PORTB 0006                      _PORTC 0007                      _PORTD 0008  
                    _PORTE 0009                      _TRISA 0085                      _TRISB 0086  
                    _TRISD 0088                      _SSPIE 0463                      _SSPIF 0063  
                    _setup 01A1                      pclath 000A                      status 0003  
                    wtemp0 007E            __initialization 000F               __end_of_main 00D3  
                   ??_main 002E          ?_I2C_Master_Start 0070          ?_I2C_Master_Write 0072  
       ??_I2C_Master_Start 0072         ??_I2C_Master_Write 0074                     ?_setup 0070  
                   _ANSELH 0189                     _SSPADD 0093                     _TRISC3 043B  
                   _TRISC4 043C                     _SSPCON 0014                     _SSPBUF 0013  
                ??___lldiv 0020                     saved_w 007E    __end_of__initialization 0011  
           __pcstackCOMMON 0070              __end_of_setup 01CD                    ??_setup 007A  
               __pmaintext 0015                 __pintentry 0004                    _SSPCON2 0091  
                  _SSPSTAT 0094                    ___lldiv 00D3                    __ptext1 01A1  
                  __ptext2 013B                    __ptext3 00D3                    __ptext4 01DA  
                  __ptext5 01E4                    __ptext6 01ED                    __ptext7 0173  
                  __ptext8 01CD                    __ptext9 01F6               __size_of_isr 0007  
 __size_of_I2C_Master_Init 0038   __size_of_I2C_Master_Read 002E   __size_of_I2C_Master_Wait 000D  
 __size_of_I2C_Master_Stop 0009       end_of_initialization 0011  __size_of_I2C_Master_Start 0009  
__size_of_I2C_Master_Write 000A            ___lldiv@divisor 0072            ___lldiv@counter 0025  
         I2C_Master_Init@c 0026           I2C_Master_Read@a 0072                  _TRISCbits 0087  
      start_initialization 000F                __end_of_isr 01FD          ??_I2C_Master_Init 002A  
        ??_I2C_Master_Read 0074          ??_I2C_Master_Wait 0072          ??_I2C_Master_Stop 0072  
              __pbssCOMMON 007A                  ___latbits 0002              __pcstackBANK0 0020  
         _I2C_Master_Start 01ED           _I2C_Master_Write 01DA                   ?___lldiv 0072  
           __size_of_setup 002C          interrupt_function 0004        I2C_Master_Read@temp 0076  
         __size_of___lldiv 0068            _I2C_Master_Init 013B            _I2C_Master_Read 0173  
          _I2C_Master_Wait 01CD            _I2C_Master_Stop 01E4              __size_of_main 00BE  
 __end_of_I2C_Master_Start 01F6   __end_of_I2C_Master_Write 01E4                   intlevel1 0000  
         ___lldiv@dividend 0076                 _OSCCONbits 008F    __end_of_I2C_Master_Init 0173  
  __end_of_I2C_Master_Read 01A1    __end_of_I2C_Master_Wait 01DA    __end_of_I2C_Master_Stop 01ED  
         ___lldiv@quotient 0021          I2C_Master_Write@d 0072                _SSPCON2bits 0091  
